----------------------------------------------------------------------
My Process Log
Log file created at : Sun Jun  2 09:48:00 2024
----------------------------------------------------------------------
CONTENTS OF LOG FILE
----------------------------------------------------------------------
{'name': 'System Idle Process', 'pid': 0, 'username': 'NT AUTHORITY\\SYSTEM'} 
{'name': 'System', 'pid': 4, 'username': 'NT AUTHORITY\\SYSTEM'} 
{'name': 'Registry', 'pid': 108, 'username': None} 
{'name': 'unsecapp.exe', 'pid': 376, 'username': 'DESKTOP-31LSV6D\\91779'} 
{'name': 'smss.exe', 'pid': 544, 'username': None} 
{'name': 'lsass.exe', 'pid': 604, 'username': None} 
{'name': 'fontdrvhost.exe', 'pid': 620, 'username': None} 
{'name': 'csrss.exe', 'pid': 812, 'username': None} 
{'name': 'wininit.exe', 'pid': 892, 'username': None} 
{'name': 'svchost.exe', 'pid': 904, 'username': None} 
{'name': 'RuntimeBroker.exe', 'pid': 996, 'username': 'DESKTOP-31LSV6D\\91779'} 
{'name': 'services.exe', 'pid': 1008, 'username': None} 
{'name': 'RuntimeBroker.exe', 'pid': 1020, 'username': 'DESKTOP-31LSV6D\\91779'} 
{'name': 'svchost.exe', 'pid': 1104, 'username': None} 
{'name': 'svchost.exe', 'pid': 1148, 'username': None} 
{'name': 'OneDrive.exe', 'pid': 1200, 'username': 'DESKTOP-31LSV6D\\91779'} 
{'name': 'WmiPrvSE.exe', 'pid': 1264, 'username': None} 
{'name': 'msedge.exe', 'pid': 1320, 'username': 'DESKTOP-31LSV6D\\91779'} 
{'name': 'svchost.exe', 'pid': 1336, 'username': None} 
{'name': 'svchost.exe', 'pid': 1380, 'username': None} 
{'name': 'svchost.exe', 'pid': 1444, 'username': None} 
{'name': 'svchost.exe', 'pid': 1452, 'username': None} 
{'name': 'svchost.exe', 'pid': 1464, 'username': None} 
{'name': 'svchost.exe', 'pid': 1476, 'username': None} 
{'name': 'svchost.exe', 'pid': 1496, 'username': None} 
{'name': 'svchost.exe', 'pid': 1528, 'username': None} 
{'name': 'zWebview2Agent.exe', 'pid': 1552, 'username': 'DESKTOP-31LSV6D\\91779'} 
{'name': 'svchost.exe', 'pid': 1580, 'username': None} 
{'name': 'svchost.exe', 'pid': 1684, 'username': None} 
{'name': 'svchost.exe', 'pid': 1700, 'username': None} 
{'name': 'IntelCpHDCPSvc.exe', 'pid': 1756, 'username': None} 
{'name': 'svchost.exe', 'pid': 1800, 'username': None} 
{'name': 'FileCoAuth.exe', 'pid': 1812, 'username': 'DESKTOP-31LSV6D\\91779'} 
{'name': 'svchost.exe', 'pid': 1912, 'username': None} 
{'name': 'svchost.exe', 'pid': 1920, 'username': None} 
{'name': 'IntelCpHeciSvc.exe', 'pid': 2108, 'username': None} 
{'name': 'svchost.exe', 'pid': 2124, 'username': None} 
{'name': 'svchost.exe', 'pid': 2140, 'username': None} 
{'name': 'svchost.exe', 'pid': 2216, 'username': None} 
{'name': 'svchost.exe', 'pid': 2224, 'username': None} 
{'name': 'svchost.exe', 'pid': 2244, 'username': None} 
{'name': 'igfxCUIService.exe', 'pid': 2252, 'username': None} 
{'name': 'dllhost.exe', 'pid': 2284, 'username': 'DESKTOP-31LSV6D\\91779'} 
{'name': 'HPSystemEventUtilityHost.exe', 'pid': 2436, 'username': 'DESKTOP-31LSV6D\\91779'} 
{'name': 'SynTPEnhService.exe', 'pid': 2608, 'username': None} 
{'name': 'svchost.exe', 'pid': 2644, 'username': None} 
{'name': 'svchost.exe', 'pid': 2656, 'username': 'DESKTOP-31LSV6D\\91779'} 
{'name': 'svchost.exe', 'pid': 2668, 'username': None} 
{'name': 'svchost.exe', 'pid': 2676, 'username': None} 
{'name': 'svchost.exe', 'pid': 2772, 'username': None} 
{'name': 'MemCompression', 'pid': 2792, 'username': None} 
{'name': 'svchost.exe', 'pid': 2808, 'username': None} 
{'name': 'AppHelperCap.exe', 'pid': 2840, 'username': None} 
{'name': 'DiagsCap.exe', 'pid': 2852, 'username': None} 
{'name': 'svchost.exe', 'pid': 2860, 'username': None} 
{'name': 'NetworkCap.exe', 'pid': 2876, 'username': None} 
{'name': 'TouchpointAnalyticsClientService.exe', 'pid': 2920, 'username': None} 
{'name': 'msedgewebview2.exe', 'pid': 2928, 'username': 'DESKTOP-31LSV6D\\91779'} 
{'name': 'hp-one-agent-service.exe', 'pid': 2932, 'username': None} 
{'name': 'SysInfoCap.exe', 'pid': 2956, 'username': None} 
{'name': 'mcshield.exe', 'pid': 2964, 'username': None} 
{'name': 'svchost.exe', 'pid': 3028, 'username': None} 
{'name': 'svchost.exe', 'pid': 3188, 'username': None} 
{'name': 'WUDFHost.exe', 'pid': 3284, 'username': None} 
{'name': 'SystemSettings.exe', 'pid': 3380, 'username': 'DESKTOP-31LSV6D\\91779'} 
{'name': 'WUDFHost.exe', 'pid': 3400, 'username': None} 
{'name': 'svchost.exe', 'pid': 3456, 'username': None} 
{'name': 'svchost.exe', 'pid': 3544, 'username': 'DESKTOP-31LSV6D\\91779'} 
{'name': 'svchost.exe', 'pid': 3612, 'username': None} 
{'name': 'SECOMN64.exe', 'pid': 3652, 'username': None} 
{'name': 'dllhost.exe', 'pid': 3692, 'username': 'DESKTOP-31LSV6D\\91779'} 
{'name': 'svchost.exe', 'pid': 3744, 'username': None} 
{'name': 'svchost.exe', 'pid': 3784, 'username': None} 
{'name': 'XboxPcAppFT.exe', 'pid': 3808, 'username': 'DESKTOP-31LSV6D\\91779'} 
{'name': 'svchost.exe', 'pid': 3824, 'username': None} 
{'name': 'svchost.exe', 'pid': 3840, 'username': 'DESKTOP-31LSV6D\\91779'} 
{'name': 'svchost.exe', 'pid': 3848, 'username': None} 
{'name': 'svchost.exe', 'pid': 3876, 'username': None} 
{'name': 'conhost.exe', 'pid': 3888, 'username': 'DESKTOP-31LSV6D\\91779'} 
{'name': 'svchost.exe', 'pid': 3960, 'username': None} 
{'name': 'dasHost.exe', 'pid': 4012, 'username': None} 
{'name': 'svchost.exe', 'pid': 4020, 'username': None} 
{'name': 'HP.myHP.exe', 'pid': 4260, 'username': 'DESKTOP-31LSV6D\\91779'} 
{'name': 'svchost.exe', 'pid': 4428, 'username': None} 
{'name': 'backgroundTaskHost.exe', 'pid': 4748, 'username': 'DESKTOP-31LSV6D\\91779'} 
{'name': 'svchost.exe', 'pid': 4764, 'username': None} 
{'name': 'msedgewebview2.exe', 'pid': 4796, 'username': 'DESKTOP-31LSV6D\\91779'} 
{'name': 'svchost.exe', 'pid': 4812, 'username': None} 
{'name': 'svchost.exe', 'pid': 4832, 'username': None} 
{'name': 'svchost.exe', 'pid': 4884, 'username': None} 
{'name': 'spoolsv.exe', 'pid': 4932, 'username': None} 
{'name': 'svchost.exe', 'pid': 4976, 'username': None} 
{'name': 'unsecapp.exe', 'pid': 5060, 'username': None} 
{'name': 'svchost.exe', 'pid': 5108, 'username': None} 
{'name': 'svchost.exe', 'pid': 5156, 'username': None} 
{'name': 'OfficeClickToRun.exe', 'pid': 5164, 'username': None} 
{'name': 'svchost.exe', 'pid': 5184, 'username': None} 
{'name': 'WmiPrvSE.exe', 'pid': 5208, 'username': None} 
{'name': 'esif_uf.exe', 'pid': 5224, 'username': None} 
{'name': 'nssm.exe', 'pid': 5260, 'username': None} 
{'name': 'svchost.exe', 'pid': 5324, 'username': None} 
{'name': 'HPPrintScanDoctorService.exe', 'pid': 5360, 'username': None} 
{'name': 'ibtsiva.exe', 'pid': 5368, 'username': None} 
{'name': 'OneApp.IGCC.WinService.exe', 'pid': 5388, 'username': None} 
{'name': 'IntelAudioService.exe', 'pid': 5468, 'username': None} 
{'name': 'svchost.exe', 'pid': 5512, 'username': None} 
{'name': 'svchost.exe', 'pid': 5668, 'username': None} 
{'name': 'LMS.exe', 'pid': 5780, 'username': None} 
{'name': 'MpDefenderCoreService.exe', 'pid': 5804, 'username': None} 
{'name': 'expressvpnd.exe', 'pid': 5816, 'username': None} 
{'name': 'mfemms.exe', 'pid': 5824, 'username': None} 
{'name': 'ModuleCoreService.exe', 'pid': 5912, 'username': None} 
{'name': 'svchost.exe', 'pid': 5928, 'username': None} 
{'name': 'svchost.exe', 'pid': 5952, 'username': None} 
{'name': 'conhost.exe', 'pid': 5972, 'username': None} 
{'name': 'mysqld.exe', 'pid': 5984, 'username': None} 
{'name': 'PEFService.exe', 'pid': 6024, 'username': None} 
{'name': 'svchost.exe', 'pid': 6048, 'username': None} 
{'name': 'RstMwService.exe', 'pid': 6056, 'username': None} 
{'name': 'dllhost.exe', 'pid': 6068, 'username': 'DESKTOP-31LSV6D\\91779'} 
{'name': 'RtkAudUService64.exe', 'pid': 6128, 'username': None} 
{'name': 'svchost.exe', 'pid': 6140, 'username': None} 
{'name': 'svchost.exe', 'pid': 6184, 'username': None} 
{'name': 'MsMpEng.exe', 'pid': 6228, 'username': None} 
{'name': 'svchost.exe', 'pid': 6252, 'username': None} 
{'name': 'XtuService.exe', 'pid': 6272, 'username': None} 
{'name': 'jhi_service.exe', 'pid': 6596, 'username': None} 
{'name': 'wlanext.exe', 'pid': 6676, 'username': None} 
{'name': 'conhost.exe', 'pid': 6724, 'username': None} 
{'name': 'svchost.exe', 'pid': 7008, 'username': None} 
{'name': 'mysqld.exe', 'pid': 7096, 'username': None} 
{'name': 'conhost.exe', 'pid': 7156, 'username': None} 
{'name': 'Code.exe', 'pid': 7352, 'username': 'DESKTOP-31LSV6D\\91779'} 
{'name': 'MMSSHOST.exe', 'pid': 7544, 'username': None} 
{'name': 'svchost.exe', 'pid': 7688, 'username': None} 
{'name': 'msedgewebview2.exe', 'pid': 7696, 'username': 'DESKTOP-31LSV6D\\91779'} 
{'name': 'mfevtps.exe', 'pid': 7720, 'username': None} 
{'name': 'ProtectedModuleHost.exe', 'pid': 7812, 'username': None} 
{'name': 'svchost.exe', 'pid': 8008, 'username': None} 
{'name': 'svchost.exe', 'pid': 8312, 'username': 'DESKTOP-31LSV6D\\91779'} 
{'name': 'AggregatorHost.exe', 'pid': 8328, 'username': None} 
{'name': 'EzTiltPenAgent.exe', 'pid': 8356, 'username': 'DESKTOP-31LSV6D\\91779'} 
{'name': 'svchost.exe', 'pid': 8476, 'username': None} 
{'name': 'Widgets.exe', 'pid': 8560, 'username': 'DESKTOP-31LSV6D\\91779'} 
{'name': 'McVulCtr.exe', 'pid': 8672, 'username': None} 
{'name': 'svchost.exe', 'pid': 8716, 'username': None} 
{'name': 'Code.exe', 'pid': 8752, 'username': 'DESKTOP-31LSV6D\\91779'} 
{'name': 'svchost.exe', 'pid': 8928, 'username': None} 
{'name': 'svchost.exe', 'pid': 8932, 'username': None} 
{'name': 'ModuleCoreService.exe', 'pid': 9112, 'username': None} 
{'name': 'conhost.exe', 'pid': 9128, 'username': None} 
{'name': 'svchost.exe', 'pid': 9136, 'username': None} 
{'name': 'ApplicationFrameHost.exe', 'pid': 9196, 'username': 'DESKTOP-31LSV6D\\91779'} 
{'name': 'chrome.exe', 'pid': 9252, 'username': 'DESKTOP-31LSV6D\\91779'} 
{'name': 'svchost.exe', 'pid': 9332, 'username': None} 
{'name': 'SocketHeciServer.exe', 'pid': 9360, 'username': None} 
{'name': 'svchost.exe', 'pid': 9608, 'username': None} 
{'name': 'SystemSettingsBroker.exe', 'pid': 9720, 'username': 'DESKTOP-31LSV6D\\91779'} 
{'name': 'SearchIndexer.exe', 'pid': 9832, 'username': None} 
{'name': 'RuntimeBroker.exe', 'pid': 9900, 'username': 'DESKTOP-31LSV6D\\91779'} 
{'name': 'ShellExperienceHost.exe', 'pid': 9904, 'username': 'DESKTOP-31LSV6D\\91779'} 
{'name': 'McUICnt.exe', 'pid': 9940, 'username': 'DESKTOP-31LSV6D\\91779'} 
{'name': 'chrome.exe', 'pid': 10000, 'username': 'DESKTOP-31LSV6D\\91779'} 
{'name': 'svchost.exe', 'pid': 10028, 'username': None} 
{'name': 'mcafee-security.exe', 'pid': 10040, 'username': 'DESKTOP-31LSV6D\\91779'} 
{'name': 'svchost.exe', 'pid': 10132, 'username': None} 
{'name': 'RuntimeBroker.exe', 'pid': 10224, 'username': 'DESKTOP-31LSV6D\\91779'} 
{'name': 'BridgeCommunication.exe', 'pid': 10276, 'username': 'DESKTOP-31LSV6D\\91779'} 
{'name': 'cmd.exe', 'pid': 10304, 'username': 'DESKTOP-31LSV6D\\91779'} 
{'name': 'svchost.exe', 'pid': 10744, 'username': 'DESKTOP-31LSV6D\\91779'} 
{'name': 'McCSPServiceHost.exe', 'pid': 10804, 'username': None} 
{'name': 'mcafee-security-ft.exe', 'pid': 10812, 'username': 'DESKTOP-31LSV6D\\91779'} 
{'name': 'msedge.exe', 'pid': 11092, 'username': 'DESKTOP-31LSV6D\\91779'} 
{'name': 'svchost.exe', 'pid': 11320, 'username': None} 
{'name': 'RuntimeBroker.exe', 'pid': 11396, 'username': 'DESKTOP-31LSV6D\\91779'} 
{'name': 'dllhost.exe', 'pid': 11716, 'username': 'DESKTOP-31LSV6D\\91779'} 
{'name': 'TextInputHost.exe', 'pid': 11760, 'username': 'DESKTOP-31LSV6D\\91779'} 
{'name': 'sihost.exe', 'pid': 11840, 'username': 'DESKTOP-31LSV6D\\91779'} 
{'name': 'servicehost.exe', 'pid': 12352, 'username': None} 
{'name': 'mcapexe.exe', 'pid': 12376, 'username': None} 
{'name': 'chrome.exe', 'pid': 12480, 'username': 'DESKTOP-31LSV6D\\91779'} 
{'name': 'dllhost.exe', 'pid': 12816, 'username': 'DESKTOP-31LSV6D\\91779'} 
{'name': 'svchost.exe', 'pid': 13036, 'username': None} 
{'name': 'msedge.exe', 'pid': 13264, 'username': 'DESKTOP-31LSV6D\\91779'} 
{'name': 'svchost.exe', 'pid': 13556, 'username': None} 
{'name': 'svchost.exe', 'pid': 13640, 'username': None} 
{'name': 'fontdrvhost.exe', 'pid': 13968, 'username': None} 
{'name': 'NisSrv.exe', 'pid': 13976, 'username': None} 
{'name': 'DesktopExtension.exe', 'pid': 13992, 'username': 'DESKTOP-31LSV6D\\91779'} 
{'name': 'HPCommRecovery.exe', 'pid': 14064, 'username': None} 
{'name': 'SynTPEnh.exe', 'pid': 14140, 'username': 'DESKTOP-31LSV6D\\91779'} 
{'name': 'svchost.exe', 'pid': 14272, 'username': 'DESKTOP-31LSV6D\\91779'} 
{'name': 'QcShm.exe', 'pid': 14360, 'username': None} 
{'name': 'chrome.exe', 'pid': 14436, 'username': 'DESKTOP-31LSV6D\\91779'} 
{'name': 'MfeBrowserHost.exe', 'pid': 14816, 'username': 'DESKTOP-31LSV6D\\91779'} 
{'name': 'SecurityHealthService.exe', 'pid': 14860, 'username': None} 
{'name': 'svchost.exe', 'pid': 15116, 'username': 'DESKTOP-31LSV6D\\91779'} 
{'name': 'svchost.exe', 'pid': 15276, 'username': None} 
{'name': 'TabTip.exe', 'pid': 15404, 'username': 'DESKTOP-31LSV6D\\91779'} 
{'name': 'explorer.exe', 'pid': 15460, 'username': 'DESKTOP-31LSV6D\\91779'} 
{'name': 'msteams.exe', 'pid': 15628, 'username': 'DESKTOP-31LSV6D\\91779'} 
{'name': 'svchost.exe', 'pid': 15640, 'username': None} 
{'name': 'ModuleCoreService.exe', 'pid': 15652, 'username': 'DESKTOP-31LSV6D\\91779'} 
{'name': 'HPAudioSwitch.exe', 'pid': 15712, 'username': 'DESKTOP-31LSV6D\\91779'} 
{'name': 'RuntimeBroker.exe', 'pid': 15848, 'username': 'DESKTOP-31LSV6D\\91779'} 
{'name': 'SecurityHealthSystray.exe', 'pid': 16056, 'username': 'DESKTOP-31LSV6D\\91779'} 
{'name': 'svchost.exe', 'pid': 16132, 'username': None} 
{'name': 'Zoom.exe', 'pid': 16216, 'username': 'DESKTOP-31LSV6D\\91779'} 
{'name': 'msedgewebview2.exe', 'pid': 16380, 'username': 'DESKTOP-31LSV6D\\91779'} 
{'name': 'Code.exe', 'pid': 16412, 'username': 'DESKTOP-31LSV6D\\91779'} 
{'name': 'msedgewebview2.exe', 'pid': 16436, 'username': 'DESKTOP-31LSV6D\\91779'} 
{'name': 'msedgewebview2.exe', 'pid': 16444, 'username': 'DESKTOP-31LSV6D\\91779'} 
{'name': 'cmd.exe', 'pid': 16652, 'username': 'DESKTOP-31LSV6D\\91779'} 
{'name': 'RuntimeBroker.exe', 'pid': 16768, 'username': 'DESKTOP-31LSV6D\\91779'} 
{'name': 'msedgewebview2.exe', 'pid': 16804, 'username': 'DESKTOP-31LSV6D\\91779'} 
{'name': 'backgroundTaskHost.exe', 'pid': 17068, 'username': 'DESKTOP-31LSV6D\\91779'} 
{'name': 'msedgewebview2.exe', 'pid': 17156, 'username': 'DESKTOP-31LSV6D\\91779'} 
{'name': 'uihost.exe', 'pid': 17200, 'username': 'DESKTOP-31LSV6D\\91779'} 
{'name': 'dwm.exe', 'pid': 17288, 'username': None} 
{'name': 'winlogon.exe', 'pid': 17440, 'username': None} 
{'name': 'backgroundTaskHost.exe', 'pid': 17516, 'username': 'DESKTOP-31LSV6D\\91779'} 
{'name': 'RuntimeBroker.exe', 'pid': 17540, 'username': 'DESKTOP-31LSV6D\\91779'} 
{'name': 'msedge.exe', 'pid': 17568, 'username': 'DESKTOP-31LSV6D\\91779'} 
{'name': 'csrss.exe', 'pid': 17644, 'username': None} 
{'name': 'svchost.exe', 'pid': 17660, 'username': None} 
{'name': 'XboxGameBarWidgets.exe', 'pid': 17708, 'username': 'DESKTOP-31LSV6D\\91779'} 
{'name': 'svchost.exe', 'pid': 17744, 'username': None} 
{'name': 'chrome.exe', 'pid': 17932, 'username': 'DESKTOP-31LSV6D\\91779'} 
{'name': 'ctfmon.exe', 'pid': 18016, 'username': 'DESKTOP-31LSV6D\\91779'} 
{'name': 'ExpressVPNNotificationService.exe', 'pid': 18020, 'username': 'DESKTOP-31LSV6D\\91779'} 
{'name': 'conhost.exe', 'pid': 18024, 'username': 'DESKTOP-31LSV6D\\91779'} 
{'name': 'svchost.exe', 'pid': 18108, 'username': None} 
{'name': 'svchost.exe', 'pid': 18396, 'username': None} 
{'name': 'RuntimeBroker.exe', 'pid': 18444, 'username': 'DESKTOP-31LSV6D\\91779'} 
{'name': 'StartMenuExperienceHost.exe', 'pid': 18452, 'username': 'DESKTOP-31LSV6D\\91779'} 
{'name': 'cmd.exe', 'pid': 18520, 'username': 'DESKTOP-31LSV6D\\91779'} 
{'name': 'MfeAVSvc.exe', 'pid': 18528, 'username': None} 
{'name': 'aesm_service.exe', 'pid': 18536, 'username': None} 
{'name': 'svchost.exe', 'pid': 18680, 'username': None} 
{'name': 'cmd.exe', 'pid': 18780, 'username': 'DESKTOP-31LSV6D\\91779'} 
{'name': 'dasHost.exe', 'pid': 18896, 'username': None} 
{'name': 'UserOOBEBroker.exe', 'pid': 19156, 'username': 'DESKTOP-31LSV6D\\91779'} 
{'name': 'SearchHost.exe', 'pid': 19208, 'username': 'DESKTOP-31LSV6D\\91779'} 
{'name': 'svchost.exe', 'pid': 19212, 'username': None} 
{'name': 'msedgewebview2.exe', 'pid': 19244, 'username': 'DESKTOP-31LSV6D\\91779'} 
{'name': 'RuntimeBroker.exe', 'pid': 19560, 'username': 'DESKTOP-31LSV6D\\91779'} 
{'name': 'svchost.exe', 'pid': 19592, 'username': None} 
{'name': 'svchost.exe', 'pid': 19752, 'username': 'DESKTOP-31LSV6D\\91779'} 
{'name': 'Zoom.exe', 'pid': 19952, 'username': 'DESKTOP-31LSV6D\\91779'} 
{'name': 'conhost.exe', 'pid': 20344, 'username': 'DESKTOP-31LSV6D\\91779'} 
{'name': 'HPSystemEventUtilityBackground.exe', 'pid': 20360, 'username': 'DESKTOP-31LSV6D\\91779'} 
{'name': 'msedgewebview2.exe', 'pid': 20384, 'username': 'DESKTOP-31LSV6D\\91779'} 
{'name': 'msedge.exe', 'pid': 21160, 'username': 'DESKTOP-31LSV6D\\91779'} 
{'name': 'svchost.exe', 'pid': 21484, 'username': 'DESKTOP-31LSV6D\\91779'} 
{'name': 'RuntimeBroker.exe', 'pid': 21736, 'username': 'DESKTOP-31LSV6D\\91779'} 
{'name': 'igfxEM.exe', 'pid': 21756, 'username': 'DESKTOP-31LSV6D\\91779'} 
{'name': 'RtkAudUService64.exe', 'pid': 21860, 'username': 'DESKTOP-31LSV6D\\91779'} 
{'name': 'WidgetService.exe', 'pid': 22124, 'username': 'DESKTOP-31LSV6D\\91779'} 
{'name': 'chrome.exe', 'pid': 22232, 'username': 'DESKTOP-31LSV6D\\91779'} 
{'name': 'PhoneExperienceHost.exe', 'pid': 22344, 'username': 'DESKTOP-31LSV6D\\91779'} 
{'name': 'Code.exe', 'pid': 22408, 'username': 'DESKTOP-31LSV6D\\91779'} 
{'name': 'msedge.exe', 'pid': 22660, 'username': 'DESKTOP-31LSV6D\\91779'} 
{'name': 'taskhostw.exe', 'pid': 22880, 'username': 'DESKTOP-31LSV6D\\91779'} 
{'name': 'msedgewebview2.exe', 'pid': 23060, 'username': 'DESKTOP-31LSV6D\\91779'} 
{'name': 'SDXHelper.exe', 'pid': 23212, 'username': 'DESKTOP-31LSV6D\\91779'} 
{'name': 'msedgewebview2.exe', 'pid': 23292, 'username': 'DESKTOP-31LSV6D\\91779'} 
{'name': 'svchost.exe', 'pid': 23344, 'username': 'DESKTOP-31LSV6D\\91779'} 
{'name': 'chrome.exe', 'pid': 23668, 'username': 'DESKTOP-31LSV6D\\91779'} 
{'name': 'msedgewebview2.exe', 'pid': 23784, 'username': 'DESKTOP-31LSV6D\\91779'} 
{'name': 'chrome.exe', 'pid': 23796, 'username': 'DESKTOP-31LSV6D\\91779'} 
{'name': 'audiodg.exe', 'pid': 23808, 'username': None} 
{'name': 'msedge.exe', 'pid': 24008, 'username': 'DESKTOP-31LSV6D\\91779'} 
{'name': 'msedgewebview2.exe', 'pid': 24088, 'username': 'DESKTOP-31LSV6D\\91779'} 
{'name': 'msedgewebview2.exe', 'pid': 24092, 'username': 'DESKTOP-31LSV6D\\91779'} 
{'name': 'msedgewebview2.exe', 'pid': 24160, 'username': 'DESKTOP-31LSV6D\\91779'} 
{'name': 'chrome.exe', 'pid': 24212, 'username': 'DESKTOP-31LSV6D\\91779'} 
{'name': 'OpenConsole.exe', 'pid': 24264, 'username': 'DESKTOP-31LSV6D\\91779'} 
{'name': 'chrome.exe', 'pid': 24276, 'username': 'DESKTOP-31LSV6D\\91779'} 
{'name': 'LockApp.exe', 'pid': 24380, 'username': 'DESKTOP-31LSV6D\\91779'} 
{'name': 'cmd.exe', 'pid': 24524, 'username': 'DESKTOP-31LSV6D\\91779'} 
{'name': 'RuntimeBroker.exe', 'pid': 24572, 'username': 'DESKTOP-31LSV6D\\91779'} 
{'name': 'msedge.exe', 'pid': 25532, 'username': 'DESKTOP-31LSV6D\\91779'} 
{'name': 'msedge.exe', 'pid': 26084, 'username': 'DESKTOP-31LSV6D\\91779'} 
{'name': 'Video.UI.exe', 'pid': 26116, 'username': 'DESKTOP-31LSV6D\\91779'} 
{'name': 'conhost.exe', 'pid': 26208, 'username': 'DESKTOP-31LSV6D\\91779'} 
{'name': 'msedgewebview2.exe', 'pid': 26472, 'username': 'DESKTOP-31LSV6D\\91779'} 
{'name': 'browserhost.exe', 'pid': 26564, 'username': 'DESKTOP-31LSV6D\\91779'} 
{'name': 'Code.exe', 'pid': 27176, 'username': 'DESKTOP-31LSV6D\\91779'} 
{'name': 'Code.exe', 'pid': 27188, 'username': 'DESKTOP-31LSV6D\\91779'} 
{'name': 'backgroundTaskHost.exe', 'pid': 27300, 'username': 'DESKTOP-31LSV6D\\91779'} 
{'name': 'Windows.Media.BackgroundPlayback.exe', 'pid': 27372, 'username': 'DESKTOP-31LSV6D\\91779'} 
{'name': 'chrome.exe', 'pid': 27768, 'username': 'DESKTOP-31LSV6D\\91779'} 
{'name': 'Code.exe', 'pid': 27860, 'username': 'DESKTOP-31LSV6D\\91779'} 
{'name': 'CptHost.exe', 'pid': 27896, 'username': 'DESKTOP-31LSV6D\\91779'} 
{'name': 'SystemSettingsAdminFlows.exe', 'pid': 27972, 'username': 'DESKTOP-31LSV6D\\91779'} 
{'name': 'python.exe', 'pid': 27988, 'username': 'DESKTOP-31LSV6D\\91779'} 
{'name': 'msedge.exe', 'pid': 28000, 'username': 'DESKTOP-31LSV6D\\91779'} 
{'name': 'MfeBrowserHost.exe', 'pid': 28012, 'username': 'DESKTOP-31LSV6D\\91779'} 
{'name': 'WindowsTerminal.exe', 'pid': 28044, 'username': 'DESKTOP-31LSV6D\\91779'} 
{'name': 'chrome.exe', 'pid': 28052, 'username': 'DESKTOP-31LSV6D\\91779'} 
{'name': 'RuntimeBroker.exe', 'pid': 28112, 'username': 'DESKTOP-31LSV6D\\91779'} 
{'name': 'svchost.exe', 'pid': 28740, 'username': None} 
{'name': 'Code.exe', 'pid': 28896, 'username': 'DESKTOP-31LSV6D\\91779'} 
{'name': 'backgroundTaskHost.exe', 'pid': 28908, 'username': 'DESKTOP-31LSV6D\\91779'} 
{'name': 'msedge.exe', 'pid': 29168, 'username': 'DESKTOP-31LSV6D\\91779'} 
{'name': 'conhost.exe', 'pid': 29340, 'username': 'DESKTOP-31LSV6D\\91779'} 
{'name': 'chrome.exe', 'pid': 29424, 'username': 'DESKTOP-31LSV6D\\91779'} 
{'name': 'browserhost.exe', 'pid': 29648, 'username': 'DESKTOP-31LSV6D\\91779'} 
----------------------------------------------------------------------
----------------------------------------------------------------------
My Process Log
Log file created at : Sun Jun  2 09:49:36 2024
----------------------------------------------------------------------
CONTENTS OF LOG FILE
----------------------------------------------------------------------
{'name': 'System Idle Process', 'username': 'NT AUTHORITY\\SYSTEM', 'pid': 0} 
{'name': 'System', 'username': 'NT AUTHORITY\\SYSTEM', 'pid': 4} 
{'name': 'Registry', 'username': None, 'pid': 108} 
{'name': 'unsecapp.exe', 'username': 'DESKTOP-31LSV6D\\91779', 'pid': 376} 
{'name': 'smss.exe', 'username': None, 'pid': 544} 
{'name': 'lsass.exe', 'username': None, 'pid': 604} 
{'name': 'fontdrvhost.exe', 'username': None, 'pid': 620} 
{'name': 'csrss.exe', 'username': None, 'pid': 812} 
{'name': 'wininit.exe', 'username': None, 'pid': 892} 
{'name': 'svchost.exe', 'username': None, 'pid': 904} 
{'name': 'RuntimeBroker.exe', 'username': 'DESKTOP-31LSV6D\\91779', 'pid': 996} 
{'name': 'services.exe', 'username': None, 'pid': 1008} 
{'name': 'RuntimeBroker.exe', 'username': 'DESKTOP-31LSV6D\\91779', 'pid': 1020} 
{'name': 'svchost.exe', 'username': None, 'pid': 1104} 
{'name': 'svchost.exe', 'username': None, 'pid': 1148} 
{'name': 'OneDrive.exe', 'username': 'DESKTOP-31LSV6D\\91779', 'pid': 1200} 
{'name': 'msedge.exe', 'username': 'DESKTOP-31LSV6D\\91779', 'pid': 1320} 
{'name': 'svchost.exe', 'username': None, 'pid': 1336} 
{'name': 'svchost.exe', 'username': None, 'pid': 1380} 
{'name': 'svchost.exe', 'username': None, 'pid': 1444} 
{'name': 'svchost.exe', 'username': None, 'pid': 1452} 
{'name': 'svchost.exe', 'username': None, 'pid': 1464} 
{'name': 'svchost.exe', 'username': None, 'pid': 1476} 
{'name': 'svchost.exe', 'username': None, 'pid': 1496} 
{'name': 'svchost.exe', 'username': None, 'pid': 1528} 
{'name': 'zWebview2Agent.exe', 'username': 'DESKTOP-31LSV6D\\91779', 'pid': 1552} 
{'name': 'svchost.exe', 'username': None, 'pid': 1580} 
{'name': 'svchost.exe', 'username': None, 'pid': 1684} 
{'name': 'svchost.exe', 'username': None, 'pid': 1700} 
{'name': 'IntelCpHDCPSvc.exe', 'username': None, 'pid': 1756} 
{'name': 'svchost.exe', 'username': None, 'pid': 1800} 
{'name': 'FileCoAuth.exe', 'username': 'DESKTOP-31LSV6D\\91779', 'pid': 1812} 
{'name': 'svchost.exe', 'username': None, 'pid': 1912} 
{'name': 'svchost.exe', 'username': None, 'pid': 1920} 
{'name': 'IntelCpHeciSvc.exe', 'username': None, 'pid': 2108} 
{'name': 'svchost.exe', 'username': None, 'pid': 2124} 
{'name': 'svchost.exe', 'username': None, 'pid': 2140} 
{'name': 'svchost.exe', 'username': None, 'pid': 2216} 
{'name': 'svchost.exe', 'username': None, 'pid': 2224} 
{'name': 'svchost.exe', 'username': None, 'pid': 2244} 
{'name': 'igfxCUIService.exe', 'username': None, 'pid': 2252} 
{'name': 'dllhost.exe', 'username': 'DESKTOP-31LSV6D\\91779', 'pid': 2284} 
{'name': 'HPSystemEventUtilityHost.exe', 'username': 'DESKTOP-31LSV6D\\91779', 'pid': 2436} 
{'name': 'SynTPEnhService.exe', 'username': None, 'pid': 2608} 
{'name': 'svchost.exe', 'username': None, 'pid': 2644} 
{'name': 'svchost.exe', 'username': 'DESKTOP-31LSV6D\\91779', 'pid': 2656} 
{'name': 'svchost.exe', 'username': None, 'pid': 2668} 
{'name': 'svchost.exe', 'username': None, 'pid': 2676} 
{'name': 'svchost.exe', 'username': None, 'pid': 2772} 
{'name': 'MemCompression', 'username': None, 'pid': 2792} 
{'name': 'svchost.exe', 'username': None, 'pid': 2808} 
{'name': 'AppHelperCap.exe', 'username': None, 'pid': 2840} 
{'name': 'DiagsCap.exe', 'username': None, 'pid': 2852} 
{'name': 'svchost.exe', 'username': None, 'pid': 2860} 
{'name': 'NetworkCap.exe', 'username': None, 'pid': 2876} 
{'name': 'TouchpointAnalyticsClientService.exe', 'username': None, 'pid': 2920} 
{'name': 'msedgewebview2.exe', 'username': 'DESKTOP-31LSV6D\\91779', 'pid': 2928} 
{'name': 'hp-one-agent-service.exe', 'username': None, 'pid': 2932} 
{'name': 'SysInfoCap.exe', 'username': None, 'pid': 2956} 
{'name': 'mcshield.exe', 'username': None, 'pid': 2964} 
{'name': 'svchost.exe', 'username': None, 'pid': 3028} 
{'name': 'svchost.exe', 'username': None, 'pid': 3188} 
{'name': 'WUDFHost.exe', 'username': None, 'pid': 3284} 
{'name': 'SystemSettings.exe', 'username': 'DESKTOP-31LSV6D\\91779', 'pid': 3380} 
{'name': 'WUDFHost.exe', 'username': None, 'pid': 3400} 
{'name': 'svchost.exe', 'username': None, 'pid': 3456} 
{'name': 'svchost.exe', 'username': 'DESKTOP-31LSV6D\\91779', 'pid': 3544} 
{'name': 'svchost.exe', 'username': None, 'pid': 3612} 
{'name': 'SECOMN64.exe', 'username': None, 'pid': 3652} 
{'name': 'dllhost.exe', 'username': 'DESKTOP-31LSV6D\\91779', 'pid': 3692} 
{'name': 'svchost.exe', 'username': None, 'pid': 3744} 
{'name': 'svchost.exe', 'username': None, 'pid': 3784} 
{'name': 'XboxPcAppFT.exe', 'username': 'DESKTOP-31LSV6D\\91779', 'pid': 3808} 
{'name': 'svchost.exe', 'username': None, 'pid': 3824} 
{'name': 'svchost.exe', 'username': 'DESKTOP-31LSV6D\\91779', 'pid': 3840} 
{'name': 'svchost.exe', 'username': None, 'pid': 3848} 
{'name': 'svchost.exe', 'username': None, 'pid': 3876} 
{'name': 'conhost.exe', 'username': 'DESKTOP-31LSV6D\\91779', 'pid': 3888} 
{'name': 'svchost.exe', 'username': None, 'pid': 3960} 
{'name': 'WmiPrvSE.exe', 'username': None, 'pid': 3980} 
{'name': 'dasHost.exe', 'username': None, 'pid': 4012} 
{'name': 'svchost.exe', 'username': None, 'pid': 4020} 
{'name': 'HP.myHP.exe', 'username': 'DESKTOP-31LSV6D\\91779', 'pid': 4260} 
{'name': 'svchost.exe', 'username': None, 'pid': 4428} 
{'name': 'backgroundTaskHost.exe', 'username': 'DESKTOP-31LSV6D\\91779', 'pid': 4748} 
{'name': 'svchost.exe', 'username': None, 'pid': 4764} 
{'name': 'msedgewebview2.exe', 'username': 'DESKTOP-31LSV6D\\91779', 'pid': 4796} 
{'name': 'svchost.exe', 'username': None, 'pid': 4812} 
{'name': 'svchost.exe', 'username': None, 'pid': 4832} 
{'name': 'svchost.exe', 'username': None, 'pid': 4884} 
{'name': 'spoolsv.exe', 'username': None, 'pid': 4932} 
{'name': 'svchost.exe', 'username': None, 'pid': 4976} 
{'name': 'unsecapp.exe', 'username': None, 'pid': 5060} 
{'name': 'svchost.exe', 'username': None, 'pid': 5108} 
{'name': 'svchost.exe', 'username': None, 'pid': 5156} 
{'name': 'OfficeClickToRun.exe', 'username': None, 'pid': 5164} 
{'name': 'svchost.exe', 'username': None, 'pid': 5184} 
{'name': 'WmiPrvSE.exe', 'username': None, 'pid': 5208} 
{'name': 'esif_uf.exe', 'username': None, 'pid': 5224} 
{'name': 'nssm.exe', 'username': None, 'pid': 5260} 
{'name': 'svchost.exe', 'username': None, 'pid': 5324} 
{'name': 'HPPrintScanDoctorService.exe', 'username': None, 'pid': 5360} 
{'name': 'ibtsiva.exe', 'username': None, 'pid': 5368} 
{'name': 'OneApp.IGCC.WinService.exe', 'username': None, 'pid': 5388} 
{'name': 'IntelAudioService.exe', 'username': None, 'pid': 5468} 
{'name': 'svchost.exe', 'username': None, 'pid': 5512} 
{'name': 'svchost.exe', 'username': None, 'pid': 5668} 
{'name': 'LMS.exe', 'username': None, 'pid': 5780} 
{'name': 'MpDefenderCoreService.exe', 'username': None, 'pid': 5804} 
{'name': 'expressvpnd.exe', 'username': None, 'pid': 5816} 
{'name': 'mfemms.exe', 'username': None, 'pid': 5824} 
{'name': 'ModuleCoreService.exe', 'username': None, 'pid': 5912} 
{'name': 'svchost.exe', 'username': None, 'pid': 5928} 
{'name': 'svchost.exe', 'username': None, 'pid': 5952} 
{'name': 'conhost.exe', 'username': None, 'pid': 5972} 
{'name': 'mysqld.exe', 'username': None, 'pid': 5984} 
{'name': 'PEFService.exe', 'username': None, 'pid': 6024} 
{'name': 'svchost.exe', 'username': None, 'pid': 6048} 
{'name': 'RstMwService.exe', 'username': None, 'pid': 6056} 
{'name': 'dllhost.exe', 'username': 'DESKTOP-31LSV6D\\91779', 'pid': 6068} 
{'name': 'RtkAudUService64.exe', 'username': None, 'pid': 6128} 
{'name': 'svchost.exe', 'username': None, 'pid': 6140} 
{'name': 'svchost.exe', 'username': None, 'pid': 6184} 
{'name': 'MsMpEng.exe', 'username': None, 'pid': 6228} 
{'name': 'svchost.exe', 'username': None, 'pid': 6252} 
{'name': 'XtuService.exe', 'username': None, 'pid': 6272} 
{'name': 'jhi_service.exe', 'username': None, 'pid': 6596} 
{'name': 'wlanext.exe', 'username': None, 'pid': 6676} 
{'name': 'conhost.exe', 'username': None, 'pid': 6724} 
{'name': 'svchost.exe', 'username': None, 'pid': 7008} 
{'name': 'mysqld.exe', 'username': None, 'pid': 7096} 
{'name': 'conhost.exe', 'username': None, 'pid': 7156} 
{'name': 'Code.exe', 'username': 'DESKTOP-31LSV6D\\91779', 'pid': 7352} 
{'name': 'MMSSHOST.exe', 'username': None, 'pid': 7544} 
{'name': 'svchost.exe', 'username': None, 'pid': 7688} 
{'name': 'msedgewebview2.exe', 'username': 'DESKTOP-31LSV6D\\91779', 'pid': 7696} 
{'name': 'mfevtps.exe', 'username': None, 'pid': 7720} 
{'name': 'ProtectedModuleHost.exe', 'username': None, 'pid': 7812} 
{'name': 'svchost.exe', 'username': None, 'pid': 8008} 
{'name': 'svchost.exe', 'username': 'DESKTOP-31LSV6D\\91779', 'pid': 8312} 
{'name': 'AggregatorHost.exe', 'username': None, 'pid': 8328} 
{'name': 'EzTiltPenAgent.exe', 'username': 'DESKTOP-31LSV6D\\91779', 'pid': 8356} 
{'name': 'svchost.exe', 'username': None, 'pid': 8476} 
{'name': 'Widgets.exe', 'username': 'DESKTOP-31LSV6D\\91779', 'pid': 8560} 
{'name': 'McVulCtr.exe', 'username': None, 'pid': 8672} 
{'name': 'svchost.exe', 'username': None, 'pid': 8716} 
{'name': 'Code.exe', 'username': 'DESKTOP-31LSV6D\\91779', 'pid': 8752} 
{'name': 'svchost.exe', 'username': None, 'pid': 8928} 
{'name': 'svchost.exe', 'username': None, 'pid': 8932} 
{'name': 'ModuleCoreService.exe', 'username': None, 'pid': 9112} 
{'name': 'conhost.exe', 'username': None, 'pid': 9128} 
{'name': 'svchost.exe', 'username': None, 'pid': 9136} 
{'name': 'ApplicationFrameHost.exe', 'username': 'DESKTOP-31LSV6D\\91779', 'pid': 9196} 
{'name': 'chrome.exe', 'username': 'DESKTOP-31LSV6D\\91779', 'pid': 9252} 
{'name': 'svchost.exe', 'username': None, 'pid': 9332} 
{'name': 'SocketHeciServer.exe', 'username': None, 'pid': 9360} 
{'name': 'svchost.exe', 'username': None, 'pid': 9608} 
{'name': 'SystemSettingsBroker.exe', 'username': 'DESKTOP-31LSV6D\\91779', 'pid': 9720} 
{'name': 'SearchIndexer.exe', 'username': None, 'pid': 9832} 
{'name': 'RuntimeBroker.exe', 'username': 'DESKTOP-31LSV6D\\91779', 'pid': 9900} 
{'name': 'ShellExperienceHost.exe', 'username': 'DESKTOP-31LSV6D\\91779', 'pid': 9904} 
{'name': 'McUICnt.exe', 'username': 'DESKTOP-31LSV6D\\91779', 'pid': 9940} 
{'name': 'chrome.exe', 'username': 'DESKTOP-31LSV6D\\91779', 'pid': 10000} 
{'name': 'svchost.exe', 'username': None, 'pid': 10028} 
{'name': 'mcafee-security.exe', 'username': 'DESKTOP-31LSV6D\\91779', 'pid': 10040} 
{'name': 'svchost.exe', 'username': None, 'pid': 10132} 
{'name': 'RuntimeBroker.exe', 'username': 'DESKTOP-31LSV6D\\91779', 'pid': 10224} 
{'name': 'BridgeCommunication.exe', 'username': 'DESKTOP-31LSV6D\\91779', 'pid': 10276} 
{'name': 'cmd.exe', 'username': 'DESKTOP-31LSV6D\\91779', 'pid': 10304} 
{'name': 'svchost.exe', 'username': 'DESKTOP-31LSV6D\\91779', 'pid': 10744} 
{'name': 'McCSPServiceHost.exe', 'username': None, 'pid': 10804} 
{'name': 'mcafee-security-ft.exe', 'username': 'DESKTOP-31LSV6D\\91779', 'pid': 10812} 
{'name': 'msedge.exe', 'username': 'DESKTOP-31LSV6D\\91779', 'pid': 11092} 
{'name': 'svchost.exe', 'username': None, 'pid': 11320} 
{'name': 'RuntimeBroker.exe', 'username': 'DESKTOP-31LSV6D\\91779', 'pid': 11396} 
{'name': 'dllhost.exe', 'username': 'DESKTOP-31LSV6D\\91779', 'pid': 11716} 
{'name': 'TextInputHost.exe', 'username': 'DESKTOP-31LSV6D\\91779', 'pid': 11760} 
{'name': 'sihost.exe', 'username': 'DESKTOP-31LSV6D\\91779', 'pid': 11840} 
{'name': 'servicehost.exe', 'username': None, 'pid': 12352} 
{'name': 'mcapexe.exe', 'username': None, 'pid': 12376} 
{'name': 'chrome.exe', 'username': 'DESKTOP-31LSV6D\\91779', 'pid': 12480} 
{'name': 'dllhost.exe', 'username': 'DESKTOP-31LSV6D\\91779', 'pid': 12816} 
{'name': 'svchost.exe', 'username': None, 'pid': 13036} 
{'name': 'msedge.exe', 'username': 'DESKTOP-31LSV6D\\91779', 'pid': 13264} 
{'name': 'svchost.exe', 'username': None, 'pid': 13556} 
{'name': 'svchost.exe', 'username': None, 'pid': 13640} 
{'name': 'fontdrvhost.exe', 'username': None, 'pid': 13968} 
{'name': 'NisSrv.exe', 'username': None, 'pid': 13976} 
{'name': 'DesktopExtension.exe', 'username': 'DESKTOP-31LSV6D\\91779', 'pid': 13992} 
{'name': 'HPCommRecovery.exe', 'username': None, 'pid': 14064} 
{'name': 'SynTPEnh.exe', 'username': 'DESKTOP-31LSV6D\\91779', 'pid': 14140} 
{'name': 'svchost.exe', 'username': 'DESKTOP-31LSV6D\\91779', 'pid': 14272} 
{'name': 'QcShm.exe', 'username': None, 'pid': 14360} 
{'name': 'chrome.exe', 'username': 'DESKTOP-31LSV6D\\91779', 'pid': 14436} 
{'name': 'MfeBrowserHost.exe', 'username': 'DESKTOP-31LSV6D\\91779', 'pid': 14816} 
{'name': 'SecurityHealthService.exe', 'username': None, 'pid': 14860} 
{'name': 'svchost.exe', 'username': 'DESKTOP-31LSV6D\\91779', 'pid': 15116} 
{'name': 'svchost.exe', 'username': None, 'pid': 15276} 
{'name': 'TabTip.exe', 'username': 'DESKTOP-31LSV6D\\91779', 'pid': 15404} 
{'name': 'explorer.exe', 'username': 'DESKTOP-31LSV6D\\91779', 'pid': 15460} 
{'name': 'msteams.exe', 'username': 'DESKTOP-31LSV6D\\91779', 'pid': 15628} 
{'name': 'svchost.exe', 'username': None, 'pid': 15640} 
{'name': 'ModuleCoreService.exe', 'username': 'DESKTOP-31LSV6D\\91779', 'pid': 15652} 
{'name': 'HPAudioSwitch.exe', 'username': 'DESKTOP-31LSV6D\\91779', 'pid': 15712} 
{'name': 'RuntimeBroker.exe', 'username': 'DESKTOP-31LSV6D\\91779', 'pid': 15848} 
{'name': 'SecurityHealthSystray.exe', 'username': 'DESKTOP-31LSV6D\\91779', 'pid': 16056} 
{'name': 'svchost.exe', 'username': None, 'pid': 16132} 
{'name': 'Zoom.exe', 'username': 'DESKTOP-31LSV6D\\91779', 'pid': 16216} 
{'name': 'msedgewebview2.exe', 'username': 'DESKTOP-31LSV6D\\91779', 'pid': 16380} 
{'name': 'Code.exe', 'username': 'DESKTOP-31LSV6D\\91779', 'pid': 16412} 
{'name': 'msedgewebview2.exe', 'username': 'DESKTOP-31LSV6D\\91779', 'pid': 16436} 
{'name': 'msedgewebview2.exe', 'username': 'DESKTOP-31LSV6D\\91779', 'pid': 16444} 
{'name': 'cmd.exe', 'username': 'DESKTOP-31LSV6D\\91779', 'pid': 16652} 
{'name': 'RuntimeBroker.exe', 'username': 'DESKTOP-31LSV6D\\91779', 'pid': 16768} 
{'name': 'msedgewebview2.exe', 'username': 'DESKTOP-31LSV6D\\91779', 'pid': 16804} 
{'name': 'backgroundTaskHost.exe', 'username': 'DESKTOP-31LSV6D\\91779', 'pid': 17068} 
{'name': 'msedgewebview2.exe', 'username': 'DESKTOP-31LSV6D\\91779', 'pid': 17156} 
{'name': 'uihost.exe', 'username': 'DESKTOP-31LSV6D\\91779', 'pid': 17200} 
{'name': 'dwm.exe', 'username': None, 'pid': 17288} 
{'name': 'winlogon.exe', 'username': None, 'pid': 17440} 
{'name': 'backgroundTaskHost.exe', 'username': 'DESKTOP-31LSV6D\\91779', 'pid': 17516} 
{'name': 'RuntimeBroker.exe', 'username': 'DESKTOP-31LSV6D\\91779', 'pid': 17540} 
{'name': 'msedge.exe', 'username': 'DESKTOP-31LSV6D\\91779', 'pid': 17568} 
{'name': 'csrss.exe', 'username': None, 'pid': 17644} 
{'name': 'svchost.exe', 'username': None, 'pid': 17660} 
{'name': 'XboxGameBarWidgets.exe', 'username': 'DESKTOP-31LSV6D\\91779', 'pid': 17708} 
{'name': 'svchost.exe', 'username': None, 'pid': 17744} 
{'name': 'chrome.exe', 'username': 'DESKTOP-31LSV6D\\91779', 'pid': 17932} 
{'name': 'ctfmon.exe', 'username': 'DESKTOP-31LSV6D\\91779', 'pid': 18016} 
{'name': 'ExpressVPNNotificationService.exe', 'username': 'DESKTOP-31LSV6D\\91779', 'pid': 18020} 
{'name': 'conhost.exe', 'username': 'DESKTOP-31LSV6D\\91779', 'pid': 18024} 
{'name': 'svchost.exe', 'username': None, 'pid': 18108} 
{'name': 'svchost.exe', 'username': None, 'pid': 18396} 
{'name': 'RuntimeBroker.exe', 'username': 'DESKTOP-31LSV6D\\91779', 'pid': 18444} 
{'name': 'StartMenuExperienceHost.exe', 'username': 'DESKTOP-31LSV6D\\91779', 'pid': 18452} 
{'name': 'cmd.exe', 'username': 'DESKTOP-31LSV6D\\91779', 'pid': 18520} 
{'name': 'MfeAVSvc.exe', 'username': None, 'pid': 18528} 
{'name': 'aesm_service.exe', 'username': None, 'pid': 18536} 
{'name': 'svchost.exe', 'username': None, 'pid': 18680} 
{'name': 'cmd.exe', 'username': 'DESKTOP-31LSV6D\\91779', 'pid': 18780} 
{'name': 'dasHost.exe', 'username': None, 'pid': 18896} 
{'name': 'UserOOBEBroker.exe', 'username': 'DESKTOP-31LSV6D\\91779', 'pid': 19156} 
{'name': 'SearchHost.exe', 'username': 'DESKTOP-31LSV6D\\91779', 'pid': 19208} 
{'name': 'svchost.exe', 'username': None, 'pid': 19212} 
{'name': 'msedgewebview2.exe', 'username': 'DESKTOP-31LSV6D\\91779', 'pid': 19244} 
{'name': 'RuntimeBroker.exe', 'username': 'DESKTOP-31LSV6D\\91779', 'pid': 19560} 
{'name': 'svchost.exe', 'username': None, 'pid': 19592} 
{'name': 'svchost.exe', 'username': 'DESKTOP-31LSV6D\\91779', 'pid': 19752} 
{'name': 'Zoom.exe', 'username': 'DESKTOP-31LSV6D\\91779', 'pid': 19952} 
{'name': 'conhost.exe', 'username': 'DESKTOP-31LSV6D\\91779', 'pid': 20344} 
{'name': 'HPSystemEventUtilityBackground.exe', 'username': 'DESKTOP-31LSV6D\\91779', 'pid': 20360} 
{'name': 'msedgewebview2.exe', 'username': 'DESKTOP-31LSV6D\\91779', 'pid': 20384} 
{'name': 'msedge.exe', 'username': 'DESKTOP-31LSV6D\\91779', 'pid': 21160} 
{'name': 'svchost.exe', 'username': 'DESKTOP-31LSV6D\\91779', 'pid': 21484} 
{'name': 'RuntimeBroker.exe', 'username': 'DESKTOP-31LSV6D\\91779', 'pid': 21736} 
{'name': 'igfxEM.exe', 'username': 'DESKTOP-31LSV6D\\91779', 'pid': 21756} 
{'name': 'RtkAudUService64.exe', 'username': 'DESKTOP-31LSV6D\\91779', 'pid': 21860} 
{'name': 'WidgetService.exe', 'username': 'DESKTOP-31LSV6D\\91779', 'pid': 22124} 
{'name': 'chrome.exe', 'username': 'DESKTOP-31LSV6D\\91779', 'pid': 22232} 
{'name': 'PhoneExperienceHost.exe', 'username': 'DESKTOP-31LSV6D\\91779', 'pid': 22344} 
{'name': 'Code.exe', 'username': 'DESKTOP-31LSV6D\\91779', 'pid': 22408} 
{'name': 'msedge.exe', 'username': 'DESKTOP-31LSV6D\\91779', 'pid': 22660} 
{'name': 'taskhostw.exe', 'username': 'DESKTOP-31LSV6D\\91779', 'pid': 22880} 
{'name': 'msedgewebview2.exe', 'username': 'DESKTOP-31LSV6D\\91779', 'pid': 23060} 
{'name': 'SDXHelper.exe', 'username': 'DESKTOP-31LSV6D\\91779', 'pid': 23212} 
{'name': 'msedgewebview2.exe', 'username': 'DESKTOP-31LSV6D\\91779', 'pid': 23292} 
{'name': 'svchost.exe', 'username': 'DESKTOP-31LSV6D\\91779', 'pid': 23344} 
{'name': 'chrome.exe', 'username': 'DESKTOP-31LSV6D\\91779', 'pid': 23668} 
{'name': 'msedgewebview2.exe', 'username': 'DESKTOP-31LSV6D\\91779', 'pid': 23784} 
{'name': 'chrome.exe', 'username': 'DESKTOP-31LSV6D\\91779', 'pid': 23796} 
{'name': 'audiodg.exe', 'username': None, 'pid': 23808} 
{'name': 'msedge.exe', 'username': 'DESKTOP-31LSV6D\\91779', 'pid': 24008} 
{'name': 'msedgewebview2.exe', 'username': 'DESKTOP-31LSV6D\\91779', 'pid': 24088} 
{'name': 'msedgewebview2.exe', 'username': 'DESKTOP-31LSV6D\\91779', 'pid': 24092} 
{'name': 'msedgewebview2.exe', 'username': 'DESKTOP-31LSV6D\\91779', 'pid': 24160} 
{'name': 'chrome.exe', 'username': 'DESKTOP-31LSV6D\\91779', 'pid': 24212} 
{'name': 'OpenConsole.exe', 'username': 'DESKTOP-31LSV6D\\91779', 'pid': 24264} 
{'name': 'chrome.exe', 'username': 'DESKTOP-31LSV6D\\91779', 'pid': 24276} 
{'name': 'LockApp.exe', 'username': 'DESKTOP-31LSV6D\\91779', 'pid': 24380} 
{'name': 'cmd.exe', 'username': 'DESKTOP-31LSV6D\\91779', 'pid': 24524} 
{'name': 'RuntimeBroker.exe', 'username': 'DESKTOP-31LSV6D\\91779', 'pid': 24572} 
{'name': 'msedge.exe', 'username': 'DESKTOP-31LSV6D\\91779', 'pid': 25532} 
{'name': 'msedge.exe', 'username': 'DESKTOP-31LSV6D\\91779', 'pid': 26084} 
{'name': 'Video.UI.exe', 'username': 'DESKTOP-31LSV6D\\91779', 'pid': 26116} 
{'name': 'conhost.exe', 'username': 'DESKTOP-31LSV6D\\91779', 'pid': 26208} 
{'name': 'msedgewebview2.exe', 'username': 'DESKTOP-31LSV6D\\91779', 'pid': 26472} 
{'name': 'browserhost.exe', 'username': 'DESKTOP-31LSV6D\\91779', 'pid': 26564} 
{'name': 'Code.exe', 'username': 'DESKTOP-31LSV6D\\91779', 'pid': 27176} 
{'name': 'Code.exe', 'username': 'DESKTOP-31LSV6D\\91779', 'pid': 27188} 
{'name': 'backgroundTaskHost.exe', 'username': 'DESKTOP-31LSV6D\\91779', 'pid': 27300} 
{'name': 'Windows.Media.BackgroundPlayback.exe', 'username': 'DESKTOP-31LSV6D\\91779', 'pid': 27372} 
{'name': 'chrome.exe', 'username': 'DESKTOP-31LSV6D\\91779', 'pid': 27768} 
{'name': 'Code.exe', 'username': 'DESKTOP-31LSV6D\\91779', 'pid': 27860} 
{'name': 'CptHost.exe', 'username': 'DESKTOP-31LSV6D\\91779', 'pid': 27896} 
{'name': 'SystemSettingsAdminFlows.exe', 'username': 'DESKTOP-31LSV6D\\91779', 'pid': 27972} 
{'name': 'msedge.exe', 'username': 'DESKTOP-31LSV6D\\91779', 'pid': 28000} 
{'name': 'MfeBrowserHost.exe', 'username': 'DESKTOP-31LSV6D\\91779', 'pid': 28012} 
{'name': 'WindowsTerminal.exe', 'username': 'DESKTOP-31LSV6D\\91779', 'pid': 28044} 
{'name': 'chrome.exe', 'username': 'DESKTOP-31LSV6D\\91779', 'pid': 28052} 
{'name': 'RuntimeBroker.exe', 'username': 'DESKTOP-31LSV6D\\91779', 'pid': 28112} 
{'name': 'python.exe', 'username': 'DESKTOP-31LSV6D\\91779', 'pid': 28372} 
{'name': 'svchost.exe', 'username': None, 'pid': 28740} 
{'name': 'Code.exe', 'username': 'DESKTOP-31LSV6D\\91779', 'pid': 28896} 
{'name': 'backgroundTaskHost.exe', 'username': 'DESKTOP-31LSV6D\\91779', 'pid': 28908} 
{'name': 'msedge.exe', 'username': 'DESKTOP-31LSV6D\\91779', 'pid': 29168} 
{'name': 'conhost.exe', 'username': 'DESKTOP-31LSV6D\\91779', 'pid': 29340} 
{'name': 'browserhost.exe', 'username': 'DESKTOP-31LSV6D\\91779', 'pid': 29648} 
----------------------------------------------------------------------
----------------------------------------------------------------------
My Process Log
Log file created at : Sun Jun  2 09:50:36 2024
----------------------------------------------------------------------
CONTENTS OF LOG FILE
----------------------------------------------------------------------
{'name': 'System Idle Process', 'username': 'NT AUTHORITY\\SYSTEM', 'pid': 0} 
{'name': 'System', 'username': 'NT AUTHORITY\\SYSTEM', 'pid': 4} 
{'name': 'Registry', 'username': None, 'pid': 108} 
{'name': 'unsecapp.exe', 'username': 'DESKTOP-31LSV6D\\91779', 'pid': 376} 
{'name': 'smss.exe', 'username': None, 'pid': 544} 
{'name': 'lsass.exe', 'username': None, 'pid': 604} 
{'name': 'fontdrvhost.exe', 'username': None, 'pid': 620} 
{'name': 'csrss.exe', 'username': None, 'pid': 812} 
{'name': 'wininit.exe', 'username': None, 'pid': 892} 
{'name': 'svchost.exe', 'username': None, 'pid': 904} 
{'name': 'RuntimeBroker.exe', 'username': 'DESKTOP-31LSV6D\\91779', 'pid': 996} 
{'name': 'services.exe', 'username': None, 'pid': 1008} 
{'name': 'RuntimeBroker.exe', 'username': 'DESKTOP-31LSV6D\\91779', 'pid': 1020} 
{'name': 'svchost.exe', 'username': None, 'pid': 1104} 
{'name': 'svchost.exe', 'username': None, 'pid': 1148} 
{'name': 'OneDrive.exe', 'username': 'DESKTOP-31LSV6D\\91779', 'pid': 1200} 
{'name': 'msedge.exe', 'username': 'DESKTOP-31LSV6D\\91779', 'pid': 1320} 
{'name': 'svchost.exe', 'username': None, 'pid': 1336} 
{'name': 'svchost.exe', 'username': None, 'pid': 1380} 
{'name': 'svchost.exe', 'username': None, 'pid': 1444} 
{'name': 'svchost.exe', 'username': None, 'pid': 1452} 
{'name': 'svchost.exe', 'username': None, 'pid': 1464} 
{'name': 'svchost.exe', 'username': None, 'pid': 1476} 
{'name': 'svchost.exe', 'username': None, 'pid': 1496} 
{'name': 'svchost.exe', 'username': None, 'pid': 1528} 
{'name': 'zWebview2Agent.exe', 'username': 'DESKTOP-31LSV6D\\91779', 'pid': 1552} 
{'name': 'svchost.exe', 'username': None, 'pid': 1580} 
{'name': 'svchost.exe', 'username': None, 'pid': 1684} 
{'name': 'svchost.exe', 'username': None, 'pid': 1700} 
{'name': 'IntelCpHDCPSvc.exe', 'username': None, 'pid': 1756} 
{'name': 'svchost.exe', 'username': None, 'pid': 1800} 
{'name': 'FileCoAuth.exe', 'username': 'DESKTOP-31LSV6D\\91779', 'pid': 1812} 
{'name': 'svchost.exe', 'username': None, 'pid': 1912} 
{'name': 'svchost.exe', 'username': None, 'pid': 1920} 
{'name': 'IntelCpHeciSvc.exe', 'username': None, 'pid': 2108} 
{'name': 'svchost.exe', 'username': None, 'pid': 2124} 
{'name': 'svchost.exe', 'username': None, 'pid': 2140} 
{'name': 'svchost.exe', 'username': None, 'pid': 2216} 
{'name': 'svchost.exe', 'username': None, 'pid': 2224} 
{'name': 'svchost.exe', 'username': None, 'pid': 2244} 
{'name': 'igfxCUIService.exe', 'username': None, 'pid': 2252} 
{'name': 'dllhost.exe', 'username': 'DESKTOP-31LSV6D\\91779', 'pid': 2284} 
{'name': 'HPSystemEventUtilityHost.exe', 'username': 'DESKTOP-31LSV6D\\91779', 'pid': 2436} 
{'name': 'SynTPEnhService.exe', 'username': None, 'pid': 2608} 
{'name': 'svchost.exe', 'username': None, 'pid': 2644} 
{'name': 'svchost.exe', 'username': 'DESKTOP-31LSV6D\\91779', 'pid': 2656} 
{'name': 'svchost.exe', 'username': None, 'pid': 2668} 
{'name': 'svchost.exe', 'username': None, 'pid': 2676} 
{'name': 'svchost.exe', 'username': None, 'pid': 2772} 
{'name': 'MemCompression', 'username': None, 'pid': 2792} 
{'name': 'svchost.exe', 'username': None, 'pid': 2808} 
{'name': 'AppHelperCap.exe', 'username': None, 'pid': 2840} 
{'name': 'DiagsCap.exe', 'username': None, 'pid': 2852} 
{'name': 'svchost.exe', 'username': None, 'pid': 2860} 
{'name': 'NetworkCap.exe', 'username': None, 'pid': 2876} 
{'name': 'TouchpointAnalyticsClientService.exe', 'username': None, 'pid': 2920} 
{'name': 'msedgewebview2.exe', 'username': 'DESKTOP-31LSV6D\\91779', 'pid': 2928} 
{'name': 'hp-one-agent-service.exe', 'username': None, 'pid': 2932} 
{'name': 'SysInfoCap.exe', 'username': None, 'pid': 2956} 
{'name': 'mcshield.exe', 'username': None, 'pid': 2964} 
{'name': 'svchost.exe', 'username': None, 'pid': 3028} 
{'name': 'svchost.exe', 'username': None, 'pid': 3188} 
{'name': 'WUDFHost.exe', 'username': None, 'pid': 3284} 
{'name': 'SystemSettings.exe', 'username': 'DESKTOP-31LSV6D\\91779', 'pid': 3380} 
{'name': 'WUDFHost.exe', 'username': None, 'pid': 3400} 
{'name': 'svchost.exe', 'username': None, 'pid': 3456} 
{'name': 'svchost.exe', 'username': 'DESKTOP-31LSV6D\\91779', 'pid': 3544} 
{'name': 'svchost.exe', 'username': None, 'pid': 3612} 
{'name': 'SECOMN64.exe', 'username': None, 'pid': 3652} 
{'name': 'dllhost.exe', 'username': 'DESKTOP-31LSV6D\\91779', 'pid': 3692} 
{'name': 'svchost.exe', 'username': None, 'pid': 3744} 
{'name': 'svchost.exe', 'username': None, 'pid': 3784} 
{'name': 'XboxPcAppFT.exe', 'username': 'DESKTOP-31LSV6D\\91779', 'pid': 3808} 
{'name': 'svchost.exe', 'username': None, 'pid': 3824} 
{'name': 'svchost.exe', 'username': 'DESKTOP-31LSV6D\\91779', 'pid': 3840} 
{'name': 'svchost.exe', 'username': None, 'pid': 3848} 
{'name': 'svchost.exe', 'username': None, 'pid': 3876} 
{'name': 'conhost.exe', 'username': 'DESKTOP-31LSV6D\\91779', 'pid': 3888} 
{'name': 'svchost.exe', 'username': None, 'pid': 3960} 
{'name': 'dasHost.exe', 'username': None, 'pid': 4012} 
{'name': 'svchost.exe', 'username': None, 'pid': 4020} 
{'name': 'HP.myHP.exe', 'username': 'DESKTOP-31LSV6D\\91779', 'pid': 4260} 
{'name': 'svchost.exe', 'username': None, 'pid': 4428} 
{'name': 'backgroundTaskHost.exe', 'username': 'DESKTOP-31LSV6D\\91779', 'pid': 4748} 
{'name': 'svchost.exe', 'username': None, 'pid': 4764} 
{'name': 'msedgewebview2.exe', 'username': 'DESKTOP-31LSV6D\\91779', 'pid': 4796} 
{'name': 'svchost.exe', 'username': None, 'pid': 4812} 
{'name': 'svchost.exe', 'username': None, 'pid': 4832} 
{'name': 'svchost.exe', 'username': None, 'pid': 4884} 
{'name': 'spoolsv.exe', 'username': None, 'pid': 4932} 
{'name': 'svchost.exe', 'username': None, 'pid': 4976} 
{'name': 'unsecapp.exe', 'username': None, 'pid': 5060} 
{'name': 'svchost.exe', 'username': None, 'pid': 5108} 
{'name': 'svchost.exe', 'username': None, 'pid': 5156} 
{'name': 'OfficeClickToRun.exe', 'username': None, 'pid': 5164} 
{'name': 'svchost.exe', 'username': None, 'pid': 5184} 
{'name': 'WmiPrvSE.exe', 'username': None, 'pid': 5208} 
{'name': 'esif_uf.exe', 'username': None, 'pid': 5224} 
{'name': 'nssm.exe', 'username': None, 'pid': 5260} 
{'name': 'svchost.exe', 'username': None, 'pid': 5324} 
{'name': 'HPPrintScanDoctorService.exe', 'username': None, 'pid': 5360} 
{'name': 'ibtsiva.exe', 'username': None, 'pid': 5368} 
{'name': 'OneApp.IGCC.WinService.exe', 'username': None, 'pid': 5388} 
{'name': 'IntelAudioService.exe', 'username': None, 'pid': 5468} 
{'name': 'svchost.exe', 'username': None, 'pid': 5512} 
{'name': 'svchost.exe', 'username': None, 'pid': 5668} 
{'name': 'LMS.exe', 'username': None, 'pid': 5780} 
{'name': 'MpDefenderCoreService.exe', 'username': None, 'pid': 5804} 
{'name': 'expressvpnd.exe', 'username': None, 'pid': 5816} 
{'name': 'mfemms.exe', 'username': None, 'pid': 5824} 
{'name': 'ModuleCoreService.exe', 'username': None, 'pid': 5912} 
{'name': 'svchost.exe', 'username': None, 'pid': 5928} 
{'name': 'svchost.exe', 'username': None, 'pid': 5952} 
{'name': 'conhost.exe', 'username': None, 'pid': 5972} 
{'name': 'mysqld.exe', 'username': None, 'pid': 5984} 
{'name': 'PEFService.exe', 'username': None, 'pid': 6024} 
{'name': 'svchost.exe', 'username': None, 'pid': 6048} 
{'name': 'RstMwService.exe', 'username': None, 'pid': 6056} 
{'name': 'dllhost.exe', 'username': 'DESKTOP-31LSV6D\\91779', 'pid': 6068} 
{'name': 'RtkAudUService64.exe', 'username': None, 'pid': 6128} 
{'name': 'svchost.exe', 'username': None, 'pid': 6140} 
{'name': 'svchost.exe', 'username': None, 'pid': 6184} 
{'name': 'MsMpEng.exe', 'username': None, 'pid': 6228} 
{'name': 'svchost.exe', 'username': None, 'pid': 6252} 
{'name': 'XtuService.exe', 'username': None, 'pid': 6272} 
{'name': 'jhi_service.exe', 'username': None, 'pid': 6596} 
{'name': 'wlanext.exe', 'username': None, 'pid': 6676} 
{'name': 'conhost.exe', 'username': None, 'pid': 6724} 
{'name': 'svchost.exe', 'username': None, 'pid': 7008} 
{'name': 'mysqld.exe', 'username': None, 'pid': 7096} 
{'name': 'conhost.exe', 'username': None, 'pid': 7156} 
{'name': 'Code.exe', 'username': 'DESKTOP-31LSV6D\\91779', 'pid': 7352} 
{'name': 'MMSSHOST.exe', 'username': None, 'pid': 7544} 
{'name': 'svchost.exe', 'username': None, 'pid': 7688} 
{'name': 'msedgewebview2.exe', 'username': 'DESKTOP-31LSV6D\\91779', 'pid': 7696} 
{'name': 'mfevtps.exe', 'username': None, 'pid': 7720} 
{'name': 'ProtectedModuleHost.exe', 'username': None, 'pid': 7812} 
{'name': 'svchost.exe', 'username': None, 'pid': 8008} 
{'name': 'svchost.exe', 'username': 'DESKTOP-31LSV6D\\91779', 'pid': 8312} 
{'name': 'AggregatorHost.exe', 'username': None, 'pid': 8328} 
{'name': 'EzTiltPenAgent.exe', 'username': 'DESKTOP-31LSV6D\\91779', 'pid': 8356} 
{'name': 'svchost.exe', 'username': None, 'pid': 8476} 
{'name': 'Widgets.exe', 'username': 'DESKTOP-31LSV6D\\91779', 'pid': 8560} 
{'name': 'McVulCtr.exe', 'username': None, 'pid': 8672} 
{'name': 'svchost.exe', 'username': None, 'pid': 8716} 
{'name': 'Code.exe', 'username': 'DESKTOP-31LSV6D\\91779', 'pid': 8752} 
{'name': 'svchost.exe', 'username': None, 'pid': 8928} 
{'name': 'svchost.exe', 'username': None, 'pid': 8932} 
{'name': 'ModuleCoreService.exe', 'username': None, 'pid': 9112} 
{'name': 'conhost.exe', 'username': None, 'pid': 9128} 
{'name': 'svchost.exe', 'username': None, 'pid': 9136} 
{'name': 'ApplicationFrameHost.exe', 'username': 'DESKTOP-31LSV6D\\91779', 'pid': 9196} 
{'name': 'chrome.exe', 'username': 'DESKTOP-31LSV6D\\91779', 'pid': 9252} 
{'name': 'svchost.exe', 'username': None, 'pid': 9332} 
{'name': 'SocketHeciServer.exe', 'username': None, 'pid': 9360} 
{'name': 'svchost.exe', 'username': None, 'pid': 9608} 
{'name': 'SystemSettingsBroker.exe', 'username': 'DESKTOP-31LSV6D\\91779', 'pid': 9720} 
{'name': 'SearchIndexer.exe', 'username': None, 'pid': 9832} 
{'name': 'RuntimeBroker.exe', 'username': 'DESKTOP-31LSV6D\\91779', 'pid': 9900} 
{'name': 'ShellExperienceHost.exe', 'username': 'DESKTOP-31LSV6D\\91779', 'pid': 9904} 
{'name': 'McUICnt.exe', 'username': 'DESKTOP-31LSV6D\\91779', 'pid': 9940} 
{'name': 'chrome.exe', 'username': 'DESKTOP-31LSV6D\\91779', 'pid': 10000} 
{'name': 'svchost.exe', 'username': None, 'pid': 10028} 
{'name': 'mcafee-security.exe', 'username': 'DESKTOP-31LSV6D\\91779', 'pid': 10040} 
{'name': 'svchost.exe', 'username': None, 'pid': 10132} 
{'name': 'RuntimeBroker.exe', 'username': 'DESKTOP-31LSV6D\\91779', 'pid': 10224} 
{'name': 'BridgeCommunication.exe', 'username': 'DESKTOP-31LSV6D\\91779', 'pid': 10276} 
{'name': 'cmd.exe', 'username': 'DESKTOP-31LSV6D\\91779', 'pid': 10304} 
{'name': 'svchost.exe', 'username': 'DESKTOP-31LSV6D\\91779', 'pid': 10744} 
{'name': 'McCSPServiceHost.exe', 'username': None, 'pid': 10804} 
{'name': 'mcafee-security-ft.exe', 'username': 'DESKTOP-31LSV6D\\91779', 'pid': 10812} 
{'name': 'msedge.exe', 'username': 'DESKTOP-31LSV6D\\91779', 'pid': 11092} 
{'name': 'svchost.exe', 'username': None, 'pid': 11320} 
{'name': 'RuntimeBroker.exe', 'username': 'DESKTOP-31LSV6D\\91779', 'pid': 11396} 
{'name': 'dllhost.exe', 'username': 'DESKTOP-31LSV6D\\91779', 'pid': 11716} 
{'name': 'TextInputHost.exe', 'username': 'DESKTOP-31LSV6D\\91779', 'pid': 11760} 
{'name': 'sihost.exe', 'username': 'DESKTOP-31LSV6D\\91779', 'pid': 11840} 
{'name': 'servicehost.exe', 'username': None, 'pid': 12352} 
{'name': 'mcapexe.exe', 'username': None, 'pid': 12376} 
{'name': 'chrome.exe', 'username': 'DESKTOP-31LSV6D\\91779', 'pid': 12480} 
{'name': 'McPltCmd.exe', 'username': None, 'pid': 12652} 
{'name': 'dllhost.exe', 'username': 'DESKTOP-31LSV6D\\91779', 'pid': 12816} 
{'name': 'svchost.exe', 'username': None, 'pid': 13036} 
{'name': 'msedge.exe', 'username': 'DESKTOP-31LSV6D\\91779', 'pid': 13264} 
{'name': 'svchost.exe', 'username': None, 'pid': 13556} 
{'name': 'svchost.exe', 'username': None, 'pid': 13640} 
{'name': 'fontdrvhost.exe', 'username': None, 'pid': 13968} 
{'name': 'NisSrv.exe', 'username': None, 'pid': 13976} 
{'name': 'DesktopExtension.exe', 'username': 'DESKTOP-31LSV6D\\91779', 'pid': 13992} 
{'name': 'HPCommRecovery.exe', 'username': None, 'pid': 14064} 
{'name': 'SynTPEnh.exe', 'username': 'DESKTOP-31LSV6D\\91779', 'pid': 14140} 
{'name': 'svchost.exe', 'username': 'DESKTOP-31LSV6D\\91779', 'pid': 14272} 
{'name': 'QcShm.exe', 'username': None, 'pid': 14360} 
{'name': 'chrome.exe', 'username': 'DESKTOP-31LSV6D\\91779', 'pid': 14436} 
{'name': 'MfeBrowserHost.exe', 'username': 'DESKTOP-31LSV6D\\91779', 'pid': 14816} 
{'name': 'SecurityHealthService.exe', 'username': None, 'pid': 14860} 
{'name': 'svchost.exe', 'username': 'DESKTOP-31LSV6D\\91779', 'pid': 15116} 
{'name': 'svchost.exe', 'username': None, 'pid': 15276} 
{'name': 'TabTip.exe', 'username': 'DESKTOP-31LSV6D\\91779', 'pid': 15404} 
{'name': 'explorer.exe', 'username': 'DESKTOP-31LSV6D\\91779', 'pid': 15460} 
{'name': 'msteams.exe', 'username': 'DESKTOP-31LSV6D\\91779', 'pid': 15628} 
{'name': 'svchost.exe', 'username': None, 'pid': 15640} 
{'name': 'ModuleCoreService.exe', 'username': 'DESKTOP-31LSV6D\\91779', 'pid': 15652} 
{'name': 'HPAudioSwitch.exe', 'username': 'DESKTOP-31LSV6D\\91779', 'pid': 15712} 
{'name': 'RuntimeBroker.exe', 'username': 'DESKTOP-31LSV6D\\91779', 'pid': 15848} 
{'name': 'SecurityHealthSystray.exe', 'username': 'DESKTOP-31LSV6D\\91779', 'pid': 16056} 
{'name': 'svchost.exe', 'username': None, 'pid': 16132} 
{'name': 'Zoom.exe', 'username': 'DESKTOP-31LSV6D\\91779', 'pid': 16216} 
{'name': 'msedgewebview2.exe', 'username': 'DESKTOP-31LSV6D\\91779', 'pid': 16380} 
{'name': 'Code.exe', 'username': 'DESKTOP-31LSV6D\\91779', 'pid': 16412} 
{'name': 'msedgewebview2.exe', 'username': 'DESKTOP-31LSV6D\\91779', 'pid': 16436} 
{'name': 'msedgewebview2.exe', 'username': 'DESKTOP-31LSV6D\\91779', 'pid': 16444} 
{'name': 'cmd.exe', 'username': 'DESKTOP-31LSV6D\\91779', 'pid': 16652} 
{'name': 'RuntimeBroker.exe', 'username': 'DESKTOP-31LSV6D\\91779', 'pid': 16768} 
{'name': 'msedgewebview2.exe', 'username': 'DESKTOP-31LSV6D\\91779', 'pid': 16804} 
{'name': 'backgroundTaskHost.exe', 'username': 'DESKTOP-31LSV6D\\91779', 'pid': 17068} 
{'name': 'msedgewebview2.exe', 'username': 'DESKTOP-31LSV6D\\91779', 'pid': 17156} 
{'name': 'uihost.exe', 'username': 'DESKTOP-31LSV6D\\91779', 'pid': 17200} 
{'name': 'dwm.exe', 'username': None, 'pid': 17288} 
{'name': 'winlogon.exe', 'username': None, 'pid': 17440} 
{'name': 'backgroundTaskHost.exe', 'username': 'DESKTOP-31LSV6D\\91779', 'pid': 17516} 
{'name': 'RuntimeBroker.exe', 'username': 'DESKTOP-31LSV6D\\91779', 'pid': 17540} 
{'name': 'msedge.exe', 'username': 'DESKTOP-31LSV6D\\91779', 'pid': 17568} 
{'name': 'csrss.exe', 'username': None, 'pid': 17644} 
{'name': 'svchost.exe', 'username': None, 'pid': 17660} 
{'name': 'XboxGameBarWidgets.exe', 'username': 'DESKTOP-31LSV6D\\91779', 'pid': 17708} 
{'name': 'svchost.exe', 'username': None, 'pid': 17744} 
{'name': 'chrome.exe', 'username': 'DESKTOP-31LSV6D\\91779', 'pid': 17932} 
{'name': 'ctfmon.exe', 'username': 'DESKTOP-31LSV6D\\91779', 'pid': 18016} 
{'name': 'ExpressVPNNotificationService.exe', 'username': 'DESKTOP-31LSV6D\\91779', 'pid': 18020} 
{'name': 'conhost.exe', 'username': 'DESKTOP-31LSV6D\\91779', 'pid': 18024} 
{'name': 'svchost.exe', 'username': None, 'pid': 18108} 
{'name': 'svchost.exe', 'username': None, 'pid': 18396} 
{'name': 'RuntimeBroker.exe', 'username': 'DESKTOP-31LSV6D\\91779', 'pid': 18444} 
{'name': 'StartMenuExperienceHost.exe', 'username': 'DESKTOP-31LSV6D\\91779', 'pid': 18452} 
{'name': 'cmd.exe', 'username': 'DESKTOP-31LSV6D\\91779', 'pid': 18520} 
{'name': 'MfeAVSvc.exe', 'username': None, 'pid': 18528} 
{'name': 'aesm_service.exe', 'username': None, 'pid': 18536} 
{'name': 'svchost.exe', 'username': None, 'pid': 18680} 
{'name': 'cmd.exe', 'username': 'DESKTOP-31LSV6D\\91779', 'pid': 18780} 
{'name': 'dasHost.exe', 'username': None, 'pid': 18896} 
{'name': 'UserOOBEBroker.exe', 'username': 'DESKTOP-31LSV6D\\91779', 'pid': 19156} 
{'name': 'SearchHost.exe', 'username': 'DESKTOP-31LSV6D\\91779', 'pid': 19208} 
{'name': 'svchost.exe', 'username': None, 'pid': 19212} 
{'name': 'msedgewebview2.exe', 'username': 'DESKTOP-31LSV6D\\91779', 'pid': 19244} 
{'name': 'RuntimeBroker.exe', 'username': 'DESKTOP-31LSV6D\\91779', 'pid': 19560} 
{'name': 'svchost.exe', 'username': None, 'pid': 19592} 
{'name': 'svchost.exe', 'username': 'DESKTOP-31LSV6D\\91779', 'pid': 19752} 
{'name': 'Zoom.exe', 'username': 'DESKTOP-31LSV6D\\91779', 'pid': 19952} 
{'name': 'conhost.exe', 'username': 'DESKTOP-31LSV6D\\91779', 'pid': 20344} 
{'name': 'HPSystemEventUtilityBackground.exe', 'username': 'DESKTOP-31LSV6D\\91779', 'pid': 20360} 
{'name': 'msedgewebview2.exe', 'username': 'DESKTOP-31LSV6D\\91779', 'pid': 20384} 
{'name': 'msedge.exe', 'username': 'DESKTOP-31LSV6D\\91779', 'pid': 21160} 
{'name': 'svchost.exe', 'username': 'DESKTOP-31LSV6D\\91779', 'pid': 21484} 
{'name': 'RuntimeBroker.exe', 'username': 'DESKTOP-31LSV6D\\91779', 'pid': 21736} 
{'name': 'igfxEM.exe', 'username': 'DESKTOP-31LSV6D\\91779', 'pid': 21756} 
{'name': 'RtkAudUService64.exe', 'username': 'DESKTOP-31LSV6D\\91779', 'pid': 21860} 
{'name': 'WidgetService.exe', 'username': 'DESKTOP-31LSV6D\\91779', 'pid': 22124} 
{'name': 'chrome.exe', 'username': 'DESKTOP-31LSV6D\\91779', 'pid': 22232} 
{'name': 'PhoneExperienceHost.exe', 'username': 'DESKTOP-31LSV6D\\91779', 'pid': 22344} 
{'name': 'Code.exe', 'username': 'DESKTOP-31LSV6D\\91779', 'pid': 22408} 
{'name': 'msedge.exe', 'username': 'DESKTOP-31LSV6D\\91779', 'pid': 22660} 
{'name': 'taskhostw.exe', 'username': 'DESKTOP-31LSV6D\\91779', 'pid': 22880} 
{'name': 'msedgewebview2.exe', 'username': 'DESKTOP-31LSV6D\\91779', 'pid': 23060} 
{'name': 'SDXHelper.exe', 'username': 'DESKTOP-31LSV6D\\91779', 'pid': 23212} 
{'name': 'msedgewebview2.exe', 'username': 'DESKTOP-31LSV6D\\91779', 'pid': 23292} 
{'name': 'svchost.exe', 'username': 'DESKTOP-31LSV6D\\91779', 'pid': 23344} 
{'name': 'chrome.exe', 'username': 'DESKTOP-31LSV6D\\91779', 'pid': 23668} 
{'name': 'msedgewebview2.exe', 'username': 'DESKTOP-31LSV6D\\91779', 'pid': 23784} 
{'name': 'chrome.exe', 'username': 'DESKTOP-31LSV6D\\91779', 'pid': 23796} 
{'name': 'audiodg.exe', 'username': None, 'pid': 23808} 
{'name': 'msedge.exe', 'username': 'DESKTOP-31LSV6D\\91779', 'pid': 24008} 
{'name': 'msedgewebview2.exe', 'username': 'DESKTOP-31LSV6D\\91779', 'pid': 24088} 
{'name': 'msedgewebview2.exe', 'username': 'DESKTOP-31LSV6D\\91779', 'pid': 24092} 
{'name': 'msedgewebview2.exe', 'username': 'DESKTOP-31LSV6D\\91779', 'pid': 24160} 
{'name': 'chrome.exe', 'username': 'DESKTOP-31LSV6D\\91779', 'pid': 24212} 
{'name': 'OpenConsole.exe', 'username': 'DESKTOP-31LSV6D\\91779', 'pid': 24264} 
{'name': 'chrome.exe', 'username': 'DESKTOP-31LSV6D\\91779', 'pid': 24276} 
{'name': 'LockApp.exe', 'username': 'DESKTOP-31LSV6D\\91779', 'pid': 24380} 
{'name': 'cmd.exe', 'username': 'DESKTOP-31LSV6D\\91779', 'pid': 24524} 
{'name': 'RuntimeBroker.exe', 'username': 'DESKTOP-31LSV6D\\91779', 'pid': 24572} 
{'name': 'msedge.exe', 'username': 'DESKTOP-31LSV6D\\91779', 'pid': 25532} 
{'name': 'msedge.exe', 'username': 'DESKTOP-31LSV6D\\91779', 'pid': 26084} 
{'name': 'Video.UI.exe', 'username': 'DESKTOP-31LSV6D\\91779', 'pid': 26116} 
{'name': 'conhost.exe', 'username': 'DESKTOP-31LSV6D\\91779', 'pid': 26208} 
{'name': 'msedgewebview2.exe', 'username': 'DESKTOP-31LSV6D\\91779', 'pid': 26472} 
{'name': 'browserhost.exe', 'username': 'DESKTOP-31LSV6D\\91779', 'pid': 26564} 
{'name': 'Code.exe', 'username': 'DESKTOP-31LSV6D\\91779', 'pid': 27176} 
{'name': 'Code.exe', 'username': 'DESKTOP-31LSV6D\\91779', 'pid': 27188} 
{'name': 'backgroundTaskHost.exe', 'username': 'DESKTOP-31LSV6D\\91779', 'pid': 27300} 
{'name': 'Windows.Media.BackgroundPlayback.exe', 'username': 'DESKTOP-31LSV6D\\91779', 'pid': 27372} 
{'name': 'chrome.exe', 'username': 'DESKTOP-31LSV6D\\91779', 'pid': 27768} 
{'name': 'Code.exe', 'username': 'DESKTOP-31LSV6D\\91779', 'pid': 27860} 
{'name': 'CptHost.exe', 'username': 'DESKTOP-31LSV6D\\91779', 'pid': 27896} 
{'name': 'SystemSettingsAdminFlows.exe', 'username': 'DESKTOP-31LSV6D\\91779', 'pid': 27972} 
{'name': 'msedge.exe', 'username': 'DESKTOP-31LSV6D\\91779', 'pid': 28000} 
{'name': 'MfeBrowserHost.exe', 'username': 'DESKTOP-31LSV6D\\91779', 'pid': 28012} 
{'name': 'WindowsTerminal.exe', 'username': 'DESKTOP-31LSV6D\\91779', 'pid': 28044} 
{'name': 'chrome.exe', 'username': 'DESKTOP-31LSV6D\\91779', 'pid': 28052} 
{'name': 'RuntimeBroker.exe', 'username': 'DESKTOP-31LSV6D\\91779', 'pid': 28112} 
{'name': 'python.exe', 'username': 'DESKTOP-31LSV6D\\91779', 'pid': 28372} 
{'name': 'svchost.exe', 'username': None, 'pid': 28740} 
{'name': 'Code.exe', 'username': 'DESKTOP-31LSV6D\\91779', 'pid': 28896} 
{'name': 'backgroundTaskHost.exe', 'username': 'DESKTOP-31LSV6D\\91779', 'pid': 28908} 
{'name': 'msedge.exe', 'username': 'DESKTOP-31LSV6D\\91779', 'pid': 29168} 
{'name': 'conhost.exe', 'username': 'DESKTOP-31LSV6D\\91779', 'pid': 29340} 
{'name': 'browserhost.exe', 'username': 'DESKTOP-31LSV6D\\91779', 'pid': 29648} 
----------------------------------------------------------------------
