----------------------------------------------------------------------
My Process Log
Log file created at : Sun Jun  2 10:29:53 2024
----------------------------------------------------------------------
CONTENTS OF LOG FILE
----------------------------------------------------------------------
{'name': 'System Idle Process', 'pid': 0, 'username': 'NT AUTHORITY\\SYSTEM'} 
{'name': 'System', 'pid': 4, 'username': 'NT AUTHORITY\\SYSTEM'} 
{'name': 'Registry', 'pid': 108, 'username': None} 
{'name': 'unsecapp.exe', 'pid': 376, 'username': 'DESKTOP-31LSV6D\\91779'} 
{'name': 'smss.exe', 'pid': 544, 'username': None} 
{'name': 'lsass.exe', 'pid': 604, 'username': None} 
{'name': 'fontdrvhost.exe', 'pid': 620, 'username': None} 
{'name': 'csrss.exe', 'pid': 812, 'username': None} 
{'name': 'wininit.exe', 'pid': 892, 'username': None} 
{'name': 'svchost.exe', 'pid': 904, 'username': None} 
{'name': 'RuntimeBroker.exe', 'pid': 996, 'username': 'DESKTOP-31LSV6D\\91779'} 
{'name': 'services.exe', 'pid': 1008, 'username': None} 
{'name': 'RuntimeBroker.exe', 'pid': 1020, 'username': 'DESKTOP-31LSV6D\\91779'} 
{'name': 'svchost.exe', 'pid': 1104, 'username': None} 
{'name': 'svchost.exe', 'pid': 1148, 'username': None} 
{'name': 'OneDrive.exe', 'pid': 1200, 'username': 'DESKTOP-31LSV6D\\91779'} 
{'name': 'msedge.exe', 'pid': 1320, 'username': 'DESKTOP-31LSV6D\\91779'} 
{'name': 'svchost.exe', 'pid': 1336, 'username': None} 
{'name': 'svchost.exe', 'pid': 1380, 'username': None} 
{'name': 'svchost.exe', 'pid': 1444, 'username': None} 
{'name': 'svchost.exe', 'pid': 1452, 'username': None} 
{'name': 'svchost.exe', 'pid': 1464, 'username': None} 
{'name': 'svchost.exe', 'pid': 1476, 'username': None} 
{'name': 'svchost.exe', 'pid': 1496, 'username': None} 
{'name': 'svchost.exe', 'pid': 1528, 'username': None} 
{'name': 'zWebview2Agent.exe', 'pid': 1552, 'username': 'DESKTOP-31LSV6D\\91779'} 
{'name': 'svchost.exe', 'pid': 1580, 'username': None} 
{'name': 'svchost.exe', 'pid': 1684, 'username': None} 
{'name': 'svchost.exe', 'pid': 1700, 'username': None} 
{'name': 'IntelCpHDCPSvc.exe', 'pid': 1756, 'username': None} 
{'name': 'svchost.exe', 'pid': 1800, 'username': None} 
{'name': 'FileCoAuth.exe', 'pid': 1812, 'username': 'DESKTOP-31LSV6D\\91779'} 
{'name': 'svchost.exe', 'pid': 1912, 'username': None} 
{'name': 'svchost.exe', 'pid': 1920, 'username': None} 
{'name': 'IntelCpHeciSvc.exe', 'pid': 2108, 'username': None} 
{'name': 'svchost.exe', 'pid': 2124, 'username': None} 
{'name': 'svchost.exe', 'pid': 2140, 'username': None} 
{'name': 'svchost.exe', 'pid': 2216, 'username': None} 
{'name': 'svchost.exe', 'pid': 2224, 'username': None} 
{'name': 'svchost.exe', 'pid': 2244, 'username': None} 
{'name': 'igfxCUIService.exe', 'pid': 2252, 'username': None} 
{'name': 'dllhost.exe', 'pid': 2284, 'username': 'DESKTOP-31LSV6D\\91779'} 
{'name': 'HPSystemEventUtilityHost.exe', 'pid': 2436, 'username': 'DESKTOP-31LSV6D\\91779'} 
{'name': 'SynTPEnhService.exe', 'pid': 2608, 'username': None} 
{'name': 'svchost.exe', 'pid': 2644, 'username': None} 
{'name': 'svchost.exe', 'pid': 2656, 'username': 'DESKTOP-31LSV6D\\91779'} 
{'name': 'svchost.exe', 'pid': 2668, 'username': None} 
{'name': 'svchost.exe', 'pid': 2676, 'username': None} 
{'name': 'svchost.exe', 'pid': 2772, 'username': None} 
{'name': 'MemCompression', 'pid': 2792, 'username': None} 
{'name': 'svchost.exe', 'pid': 2808, 'username': None} 
{'name': 'AppHelperCap.exe', 'pid': 2840, 'username': None} 
{'name': 'DiagsCap.exe', 'pid': 2852, 'username': None} 
{'name': 'svchost.exe', 'pid': 2860, 'username': None} 
{'name': 'NetworkCap.exe', 'pid': 2876, 'username': None} 
{'name': 'TouchpointAnalyticsClientService.exe', 'pid': 2920, 'username': None} 
{'name': 'msedgewebview2.exe', 'pid': 2928, 'username': 'DESKTOP-31LSV6D\\91779'} 
{'name': 'hp-one-agent-service.exe', 'pid': 2932, 'username': None} 
{'name': 'SysInfoCap.exe', 'pid': 2956, 'username': None} 
{'name': 'mcshield.exe', 'pid': 2964, 'username': None} 
{'name': 'svchost.exe', 'pid': 3028, 'username': None} 
{'name': 'svchost.exe', 'pid': 3188, 'username': None} 
{'name': 'WUDFHost.exe', 'pid': 3284, 'username': None} 
{'name': 'SystemSettings.exe', 'pid': 3380, 'username': 'DESKTOP-31LSV6D\\91779'} 
{'name': 'WUDFHost.exe', 'pid': 3400, 'username': None} 
{'name': 'svchost.exe', 'pid': 3456, 'username': None} 
{'name': 'svchost.exe', 'pid': 3544, 'username': 'DESKTOP-31LSV6D\\91779'} 
{'name': 'svchost.exe', 'pid': 3612, 'username': None} 
{'name': 'SECOMN64.exe', 'pid': 3652, 'username': None} 
{'name': 'WmiPrvSE.exe', 'pid': 3668, 'username': None} 
{'name': 'dllhost.exe', 'pid': 3692, 'username': 'DESKTOP-31LSV6D\\91779'} 
{'name': 'svchost.exe', 'pid': 3744, 'username': None} 
{'name': 'svchost.exe', 'pid': 3784, 'username': None} 
{'name': 'XboxPcAppFT.exe', 'pid': 3808, 'username': 'DESKTOP-31LSV6D\\91779'} 
{'name': 'svchost.exe', 'pid': 3824, 'username': None} 
{'name': 'svchost.exe', 'pid': 3840, 'username': 'DESKTOP-31LSV6D\\91779'} 
{'name': 'svchost.exe', 'pid': 3848, 'username': None} 
{'name': 'svchost.exe', 'pid': 3876, 'username': None} 
{'name': 'conhost.exe', 'pid': 3888, 'username': 'DESKTOP-31LSV6D\\91779'} 
{'name': 'svchost.exe', 'pid': 3960, 'username': None} 
{'name': 'dasHost.exe', 'pid': 4012, 'username': None} 
{'name': 'svchost.exe', 'pid': 4020, 'username': None} 
{'name': 'HP.myHP.exe', 'pid': 4260, 'username': 'DESKTOP-31LSV6D\\91779'} 
{'name': 'svchost.exe', 'pid': 4428, 'username': None} 
{'name': 'backgroundTaskHost.exe', 'pid': 4748, 'username': 'DESKTOP-31LSV6D\\91779'} 
{'name': 'svchost.exe', 'pid': 4764, 'username': None} 
{'name': 'msedgewebview2.exe', 'pid': 4796, 'username': 'DESKTOP-31LSV6D\\91779'} 
{'name': 'svchost.exe', 'pid': 4812, 'username': None} 
{'name': 'svchost.exe', 'pid': 4832, 'username': None} 
{'name': 'svchost.exe', 'pid': 4884, 'username': None} 
{'name': 'spoolsv.exe', 'pid': 4932, 'username': None} 
{'name': 'svchost.exe', 'pid': 4976, 'username': None} 
{'name': 'unsecapp.exe', 'pid': 5060, 'username': None} 
{'name': 'svchost.exe', 'pid': 5108, 'username': None} 
{'name': 'svchost.exe', 'pid': 5156, 'username': None} 
{'name': 'OfficeClickToRun.exe', 'pid': 5164, 'username': None} 
{'name': 'svchost.exe', 'pid': 5184, 'username': None} 
{'name': 'WmiPrvSE.exe', 'pid': 5208, 'username': None} 
{'name': 'esif_uf.exe', 'pid': 5224, 'username': None} 
{'name': 'nssm.exe', 'pid': 5260, 'username': None} 
{'name': 'svchost.exe', 'pid': 5324, 'username': None} 
{'name': 'HPPrintScanDoctorService.exe', 'pid': 5360, 'username': None} 
{'name': 'ibtsiva.exe', 'pid': 5368, 'username': None} 
{'name': 'OneApp.IGCC.WinService.exe', 'pid': 5388, 'username': None} 
{'name': 'IntelAudioService.exe', 'pid': 5468, 'username': None} 
{'name': 'svchost.exe', 'pid': 5512, 'username': None} 
{'name': 'svchost.exe', 'pid': 5668, 'username': None} 
{'name': 'LMS.exe', 'pid': 5780, 'username': None} 
{'name': 'MpDefenderCoreService.exe', 'pid': 5804, 'username': None} 
{'name': 'expressvpnd.exe', 'pid': 5816, 'username': None} 
{'name': 'mfemms.exe', 'pid': 5824, 'username': None} 
{'name': 'ModuleCoreService.exe', 'pid': 5912, 'username': None} 
{'name': 'svchost.exe', 'pid': 5928, 'username': None} 
{'name': 'svchost.exe', 'pid': 5952, 'username': None} 
{'name': 'conhost.exe', 'pid': 5972, 'username': None} 
{'name': 'mysqld.exe', 'pid': 5984, 'username': None} 
{'name': 'PEFService.exe', 'pid': 6024, 'username': None} 
{'name': 'svchost.exe', 'pid': 6048, 'username': None} 
{'name': 'RstMwService.exe', 'pid': 6056, 'username': None} 
{'name': 'dllhost.exe', 'pid': 6068, 'username': 'DESKTOP-31LSV6D\\91779'} 
{'name': 'RtkAudUService64.exe', 'pid': 6128, 'username': None} 
{'name': 'svchost.exe', 'pid': 6140, 'username': None} 
{'name': 'svchost.exe', 'pid': 6184, 'username': None} 
{'name': 'MsMpEng.exe', 'pid': 6228, 'username': None} 
{'name': 'svchost.exe', 'pid': 6252, 'username': None} 
{'name': 'XtuService.exe', 'pid': 6272, 'username': None} 
{'name': 'jhi_service.exe', 'pid': 6596, 'username': None} 
{'name': 'wlanext.exe', 'pid': 6676, 'username': None} 
{'name': 'conhost.exe', 'pid': 6724, 'username': None} 
{'name': 'svchost.exe', 'pid': 7008, 'username': None} 
{'name': 'mysqld.exe', 'pid': 7096, 'username': None} 
{'name': 'conhost.exe', 'pid': 7156, 'username': None} 
{'name': 'Code.exe', 'pid': 7352, 'username': 'DESKTOP-31LSV6D\\91779'} 
{'name': 'MMSSHOST.exe', 'pid': 7544, 'username': None} 
{'name': 'svchost.exe', 'pid': 7688, 'username': None} 
{'name': 'msedgewebview2.exe', 'pid': 7696, 'username': 'DESKTOP-31LSV6D\\91779'} 
{'name': 'mfevtps.exe', 'pid': 7720, 'username': None} 
{'name': 'ProtectedModuleHost.exe', 'pid': 7812, 'username': None} 
{'name': 'svchost.exe', 'pid': 8008, 'username': None} 
{'name': 'svchost.exe', 'pid': 8312, 'username': 'DESKTOP-31LSV6D\\91779'} 
{'name': 'AggregatorHost.exe', 'pid': 8328, 'username': None} 
{'name': 'EzTiltPenAgent.exe', 'pid': 8356, 'username': 'DESKTOP-31LSV6D\\91779'} 
{'name': 'svchost.exe', 'pid': 8476, 'username': None} 
{'name': 'Widgets.exe', 'pid': 8560, 'username': 'DESKTOP-31LSV6D\\91779'} 
{'name': 'McVulCtr.exe', 'pid': 8672, 'username': None} 
{'name': 'svchost.exe', 'pid': 8716, 'username': None} 
{'name': 'Code.exe', 'pid': 8752, 'username': 'DESKTOP-31LSV6D\\91779'} 
{'name': 'svchost.exe', 'pid': 8928, 'username': None} 
{'name': 'svchost.exe', 'pid': 8932, 'username': None} 
{'name': 'ModuleCoreService.exe', 'pid': 9112, 'username': None} 
{'name': 'conhost.exe', 'pid': 9128, 'username': None} 
{'name': 'svchost.exe', 'pid': 9136, 'username': None} 
{'name': 'ApplicationFrameHost.exe', 'pid': 9196, 'username': 'DESKTOP-31LSV6D\\91779'} 
{'name': 'chrome.exe', 'pid': 9252, 'username': 'DESKTOP-31LSV6D\\91779'} 
{'name': 'svchost.exe', 'pid': 9332, 'username': None} 
{'name': 'SocketHeciServer.exe', 'pid': 9360, 'username': None} 
{'name': 'svchost.exe', 'pid': 9608, 'username': None} 
{'name': 'SystemSettingsBroker.exe', 'pid': 9720, 'username': 'DESKTOP-31LSV6D\\91779'} 
{'name': 'chrome.exe', 'pid': 9756, 'username': 'DESKTOP-31LSV6D\\91779'} 
{'name': 'SearchIndexer.exe', 'pid': 9832, 'username': None} 
{'name': 'RuntimeBroker.exe', 'pid': 9900, 'username': 'DESKTOP-31LSV6D\\91779'} 
{'name': 'ShellExperienceHost.exe', 'pid': 9904, 'username': 'DESKTOP-31LSV6D\\91779'} 
{'name': 'McUICnt.exe', 'pid': 9940, 'username': 'DESKTOP-31LSV6D\\91779'} 
{'name': 'svchost.exe', 'pid': 10028, 'username': None} 
{'name': 'mcafee-security.exe', 'pid': 10040, 'username': 'DESKTOP-31LSV6D\\91779'} 
{'name': 'svchost.exe', 'pid': 10132, 'username': None} 
{'name': 'RuntimeBroker.exe', 'pid': 10224, 'username': 'DESKTOP-31LSV6D\\91779'} 
{'name': 'BridgeCommunication.exe', 'pid': 10276, 'username': 'DESKTOP-31LSV6D\\91779'} 
{'name': 'cmd.exe', 'pid': 10304, 'username': 'DESKTOP-31LSV6D\\91779'} 
{'name': 'svchost.exe', 'pid': 10744, 'username': 'DESKTOP-31LSV6D\\91779'} 
{'name': 'McCSPServiceHost.exe', 'pid': 10804, 'username': None} 
{'name': 'mcafee-security-ft.exe', 'pid': 10812, 'username': 'DESKTOP-31LSV6D\\91779'} 
{'name': 'msedge.exe', 'pid': 11092, 'username': 'DESKTOP-31LSV6D\\91779'} 
{'name': 'svchost.exe', 'pid': 11320, 'username': None} 
{'name': 'RuntimeBroker.exe', 'pid': 11396, 'username': 'DESKTOP-31LSV6D\\91779'} 
{'name': 'dllhost.exe', 'pid': 11716, 'username': 'DESKTOP-31LSV6D\\91779'} 
{'name': 'TextInputHost.exe', 'pid': 11760, 'username': 'DESKTOP-31LSV6D\\91779'} 
{'name': 'sihost.exe', 'pid': 11840, 'username': 'DESKTOP-31LSV6D\\91779'} 
{'name': 'servicehost.exe', 'pid': 12352, 'username': None} 
{'name': 'mcapexe.exe', 'pid': 12376, 'username': None} 
{'name': 'chrome.exe', 'pid': 12480, 'username': 'DESKTOP-31LSV6D\\91779'} 
{'name': 'dllhost.exe', 'pid': 12816, 'username': 'DESKTOP-31LSV6D\\91779'} 
{'name': 'msedge.exe', 'pid': 13264, 'username': 'DESKTOP-31LSV6D\\91779'} 
{'name': 'svchost.exe', 'pid': 13556, 'username': None} 
{'name': 'svchost.exe', 'pid': 13640, 'username': None} 
{'name': 'fontdrvhost.exe', 'pid': 13968, 'username': None} 
{'name': 'NisSrv.exe', 'pid': 13976, 'username': None} 
{'name': 'DesktopExtension.exe', 'pid': 13992, 'username': 'DESKTOP-31LSV6D\\91779'} 
{'name': 'HPCommRecovery.exe', 'pid': 14064, 'username': None} 
{'name': 'SynTPEnh.exe', 'pid': 14140, 'username': 'DESKTOP-31LSV6D\\91779'} 
{'name': 'svchost.exe', 'pid': 14272, 'username': 'DESKTOP-31LSV6D\\91779'} 
{'name': 'QcShm.exe', 'pid': 14360, 'username': None} 
{'name': 'chrome.exe', 'pid': 14436, 'username': 'DESKTOP-31LSV6D\\91779'} 
{'name': 'MfeBrowserHost.exe', 'pid': 14816, 'username': 'DESKTOP-31LSV6D\\91779'} 
{'name': 'SecurityHealthService.exe', 'pid': 14860, 'username': None} 
{'name': 'svchost.exe', 'pid': 15116, 'username': 'DESKTOP-31LSV6D\\91779'} 
{'name': 'TabTip.exe', 'pid': 15404, 'username': 'DESKTOP-31LSV6D\\91779'} 
{'name': 'explorer.exe', 'pid': 15460, 'username': 'DESKTOP-31LSV6D\\91779'} 
{'name': 'msteams.exe', 'pid': 15628, 'username': 'DESKTOP-31LSV6D\\91779'} 
{'name': 'ModuleCoreService.exe', 'pid': 15652, 'username': 'DESKTOP-31LSV6D\\91779'} 
{'name': 'HPAudioSwitch.exe', 'pid': 15712, 'username': 'DESKTOP-31LSV6D\\91779'} 
{'name': 'RuntimeBroker.exe', 'pid': 15848, 'username': 'DESKTOP-31LSV6D\\91779'} 
{'name': 'SecurityHealthSystray.exe', 'pid': 16056, 'username': 'DESKTOP-31LSV6D\\91779'} 
{'name': 'svchost.exe', 'pid': 16132, 'username': None} 
{'name': 'Zoom.exe', 'pid': 16216, 'username': 'DESKTOP-31LSV6D\\91779'} 
{'name': 'msedgewebview2.exe', 'pid': 16380, 'username': 'DESKTOP-31LSV6D\\91779'} 
{'name': 'Code.exe', 'pid': 16412, 'username': 'DESKTOP-31LSV6D\\91779'} 
{'name': 'msedgewebview2.exe', 'pid': 16436, 'username': 'DESKTOP-31LSV6D\\91779'} 
{'name': 'msedgewebview2.exe', 'pid': 16444, 'username': 'DESKTOP-31LSV6D\\91779'} 
{'name': 'cmd.exe', 'pid': 16652, 'username': 'DESKTOP-31LSV6D\\91779'} 
{'name': 'RuntimeBroker.exe', 'pid': 16768, 'username': 'DESKTOP-31LSV6D\\91779'} 
{'name': 'msedgewebview2.exe', 'pid': 16804, 'username': 'DESKTOP-31LSV6D\\91779'} 
{'name': 'backgroundTaskHost.exe', 'pid': 17068, 'username': 'DESKTOP-31LSV6D\\91779'} 
{'name': 'msedgewebview2.exe', 'pid': 17156, 'username': 'DESKTOP-31LSV6D\\91779'} 
{'name': 'uihost.exe', 'pid': 17200, 'username': 'DESKTOP-31LSV6D\\91779'} 
{'name': 'dwm.exe', 'pid': 17288, 'username': None} 
{'name': 'winlogon.exe', 'pid': 17440, 'username': None} 
{'name': 'backgroundTaskHost.exe', 'pid': 17516, 'username': 'DESKTOP-31LSV6D\\91779'} 
{'name': 'RuntimeBroker.exe', 'pid': 17540, 'username': 'DESKTOP-31LSV6D\\91779'} 
{'name': 'msedge.exe', 'pid': 17568, 'username': 'DESKTOP-31LSV6D\\91779'} 
{'name': 'csrss.exe', 'pid': 17644, 'username': None} 
{'name': 'svchost.exe', 'pid': 17660, 'username': None} 
{'name': 'XboxGameBarWidgets.exe', 'pid': 17708, 'username': 'DESKTOP-31LSV6D\\91779'} 
{'name': 'svchost.exe', 'pid': 17744, 'username': None} 
{'name': 'ctfmon.exe', 'pid': 18016, 'username': 'DESKTOP-31LSV6D\\91779'} 
{'name': 'ExpressVPNNotificationService.exe', 'pid': 18020, 'username': 'DESKTOP-31LSV6D\\91779'} 
{'name': 'conhost.exe', 'pid': 18024, 'username': 'DESKTOP-31LSV6D\\91779'} 
{'name': 'svchost.exe', 'pid': 18108, 'username': None} 
{'name': 'svchost.exe', 'pid': 18396, 'username': None} 
{'name': 'RuntimeBroker.exe', 'pid': 18444, 'username': 'DESKTOP-31LSV6D\\91779'} 
{'name': 'StartMenuExperienceHost.exe', 'pid': 18452, 'username': 'DESKTOP-31LSV6D\\91779'} 
{'name': 'cmd.exe', 'pid': 18520, 'username': 'DESKTOP-31LSV6D\\91779'} 
{'name': 'MfeAVSvc.exe', 'pid': 18528, 'username': None} 
{'name': 'aesm_service.exe', 'pid': 18536, 'username': None} 
{'name': 'svchost.exe', 'pid': 18680, 'username': None} 
{'name': 'cmd.exe', 'pid': 18780, 'username': 'DESKTOP-31LSV6D\\91779'} 
{'name': 'dasHost.exe', 'pid': 18896, 'username': None} 
{'name': 'chrome.exe', 'pid': 18968, 'username': 'DESKTOP-31LSV6D\\91779'} 
{'name': 'UserOOBEBroker.exe', 'pid': 19156, 'username': 'DESKTOP-31LSV6D\\91779'} 
{'name': 'SearchHost.exe', 'pid': 19208, 'username': 'DESKTOP-31LSV6D\\91779'} 
{'name': 'svchost.exe', 'pid': 19212, 'username': None} 
{'name': 'msedgewebview2.exe', 'pid': 19244, 'username': 'DESKTOP-31LSV6D\\91779'} 
{'name': 'RuntimeBroker.exe', 'pid': 19560, 'username': 'DESKTOP-31LSV6D\\91779'} 
{'name': 'svchost.exe', 'pid': 19592, 'username': None} 
{'name': 'svchost.exe', 'pid': 19752, 'username': 'DESKTOP-31LSV6D\\91779'} 
{'name': 'Zoom.exe', 'pid': 19952, 'username': 'DESKTOP-31LSV6D\\91779'} 
{'name': 'conhost.exe', 'pid': 20344, 'username': 'DESKTOP-31LSV6D\\91779'} 
{'name': 'HPSystemEventUtilityBackground.exe', 'pid': 20360, 'username': 'DESKTOP-31LSV6D\\91779'} 
{'name': 'msedgewebview2.exe', 'pid': 20384, 'username': 'DESKTOP-31LSV6D\\91779'} 
{'name': 'msedge.exe', 'pid': 21160, 'username': 'DESKTOP-31LSV6D\\91779'} 
{'name': 'svchost.exe', 'pid': 21484, 'username': 'DESKTOP-31LSV6D\\91779'} 
{'name': 'RuntimeBroker.exe', 'pid': 21736, 'username': 'DESKTOP-31LSV6D\\91779'} 
{'name': 'igfxEM.exe', 'pid': 21756, 'username': 'DESKTOP-31LSV6D\\91779'} 
{'name': 'RtkAudUService64.exe', 'pid': 21860, 'username': 'DESKTOP-31LSV6D\\91779'} 
{'name': 'WidgetService.exe', 'pid': 22124, 'username': 'DESKTOP-31LSV6D\\91779'} 
{'name': 'PhoneExperienceHost.exe', 'pid': 22344, 'username': 'DESKTOP-31LSV6D\\91779'} 
{'name': 'Code.exe', 'pid': 22408, 'username': 'DESKTOP-31LSV6D\\91779'} 
{'name': 'chrome.exe', 'pid': 22520, 'username': 'DESKTOP-31LSV6D\\91779'} 
{'name': 'msedge.exe', 'pid': 22660, 'username': 'DESKTOP-31LSV6D\\91779'} 
{'name': 'taskhostw.exe', 'pid': 22880, 'username': 'DESKTOP-31LSV6D\\91779'} 
{'name': 'msedgewebview2.exe', 'pid': 23060, 'username': 'DESKTOP-31LSV6D\\91779'} 
{'name': 'SDXHelper.exe', 'pid': 23212, 'username': 'DESKTOP-31LSV6D\\91779'} 
{'name': 'msedgewebview2.exe', 'pid': 23292, 'username': 'DESKTOP-31LSV6D\\91779'} 
{'name': 'svchost.exe', 'pid': 23344, 'username': 'DESKTOP-31LSV6D\\91779'} 
{'name': 'chrome.exe', 'pid': 23668, 'username': 'DESKTOP-31LSV6D\\91779'} 
{'name': 'msedgewebview2.exe', 'pid': 23784, 'username': 'DESKTOP-31LSV6D\\91779'} 
{'name': 'chrome.exe', 'pid': 23796, 'username': 'DESKTOP-31LSV6D\\91779'} 
{'name': 'audiodg.exe', 'pid': 23808, 'username': None} 
{'name': 'msedge.exe', 'pid': 24008, 'username': 'DESKTOP-31LSV6D\\91779'} 
{'name': 'msedgewebview2.exe', 'pid': 24088, 'username': 'DESKTOP-31LSV6D\\91779'} 
{'name': 'msedgewebview2.exe', 'pid': 24092, 'username': 'DESKTOP-31LSV6D\\91779'} 
{'name': 'svchost.exe', 'pid': 24136, 'username': None} 
{'name': 'msedgewebview2.exe', 'pid': 24160, 'username': 'DESKTOP-31LSV6D\\91779'} 
{'name': 'chrome.exe', 'pid': 24164, 'username': 'DESKTOP-31LSV6D\\91779'} 
{'name': 'chrome.exe', 'pid': 24212, 'username': 'DESKTOP-31LSV6D\\91779'} 
{'name': 'OpenConsole.exe', 'pid': 24264, 'username': 'DESKTOP-31LSV6D\\91779'} 
{'name': 'chrome.exe', 'pid': 24276, 'username': 'DESKTOP-31LSV6D\\91779'} 
{'name': 'LockApp.exe', 'pid': 24380, 'username': 'DESKTOP-31LSV6D\\91779'} 
{'name': 'cmd.exe', 'pid': 24524, 'username': 'DESKTOP-31LSV6D\\91779'} 
{'name': 'RuntimeBroker.exe', 'pid': 24572, 'username': 'DESKTOP-31LSV6D\\91779'} 
{'name': 'python.exe', 'pid': 25320, 'username': 'DESKTOP-31LSV6D\\91779'} 
{'name': 'msedge.exe', 'pid': 25532, 'username': 'DESKTOP-31LSV6D\\91779'} 
{'name': 'msedge.exe', 'pid': 26084, 'username': 'DESKTOP-31LSV6D\\91779'} 
{'name': 'chrome.exe', 'pid': 26096, 'username': 'DESKTOP-31LSV6D\\91779'} 
{'name': 'Video.UI.exe', 'pid': 26116, 'username': 'DESKTOP-31LSV6D\\91779'} 
{'name': 'conhost.exe', 'pid': 26208, 'username': 'DESKTOP-31LSV6D\\91779'} 
{'name': 'msedgewebview2.exe', 'pid': 26472, 'username': 'DESKTOP-31LSV6D\\91779'} 
{'name': 'browserhost.exe', 'pid': 26564, 'username': 'DESKTOP-31LSV6D\\91779'} 
{'name': 'Code.exe', 'pid': 27176, 'username': 'DESKTOP-31LSV6D\\91779'} 
{'name': 'Code.exe', 'pid': 27188, 'username': 'DESKTOP-31LSV6D\\91779'} 
{'name': 'backgroundTaskHost.exe', 'pid': 27300, 'username': 'DESKTOP-31LSV6D\\91779'} 
{'name': 'Windows.Media.BackgroundPlayback.exe', 'pid': 27372, 'username': 'DESKTOP-31LSV6D\\91779'} 
{'name': 'chrome.exe', 'pid': 27768, 'username': 'DESKTOP-31LSV6D\\91779'} 
{'name': 'Code.exe', 'pid': 27860, 'username': 'DESKTOP-31LSV6D\\91779'} 
{'name': 'CptHost.exe', 'pid': 27896, 'username': 'DESKTOP-31LSV6D\\91779'} 
{'name': 'SystemSettingsAdminFlows.exe', 'pid': 27972, 'username': 'DESKTOP-31LSV6D\\91779'} 
{'name': 'msedge.exe', 'pid': 28000, 'username': 'DESKTOP-31LSV6D\\91779'} 
{'name': 'MfeBrowserHost.exe', 'pid': 28012, 'username': 'DESKTOP-31LSV6D\\91779'} 
{'name': 'WindowsTerminal.exe', 'pid': 28044, 'username': 'DESKTOP-31LSV6D\\91779'} 
{'name': 'chrome.exe', 'pid': 28052, 'username': 'DESKTOP-31LSV6D\\91779'} 
{'name': 'RuntimeBroker.exe', 'pid': 28112, 'username': 'DESKTOP-31LSV6D\\91779'} 
{'name': 'svchost.exe', 'pid': 28740, 'username': None} 
{'name': 'Code.exe', 'pid': 28896, 'username': 'DESKTOP-31LSV6D\\91779'} 
{'name': 'backgroundTaskHost.exe', 'pid': 28908, 'username': 'DESKTOP-31LSV6D\\91779'} 
{'name': 'msedge.exe', 'pid': 29168, 'username': 'DESKTOP-31LSV6D\\91779'} 
{'name': 'conhost.exe', 'pid': 29340, 'username': 'DESKTOP-31LSV6D\\91779'} 
{'name': 'browserhost.exe', 'pid': 29648, 'username': 'DESKTOP-31LSV6D\\91779'} 
----------------------------------------------------------------------
