----------------------------------------------------------------------
My Process Log
Log file created at : Sun Jun  2 10:27:43 2024
----------------------------------------------------------------------
CONTENTS OF LOG FILE
----------------------------------------------------------------------
{'name': 'System Idle Process', 'username': 'NT AUTHORITY\\SYSTEM', 'pid': 0} 
{'name': 'System', 'username': 'NT AUTHORITY\\SYSTEM', 'pid': 4} 
{'name': 'Registry', 'username': None, 'pid': 108} 
{'name': 'unsecapp.exe', 'username': 'DESKTOP-31LSV6D\\91779', 'pid': 376} 
{'name': 'smss.exe', 'username': None, 'pid': 544} 
{'name': 'lsass.exe', 'username': None, 'pid': 604} 
{'name': 'fontdrvhost.exe', 'username': None, 'pid': 620} 
{'name': 'csrss.exe', 'username': None, 'pid': 812} 
{'name': 'wininit.exe', 'username': None, 'pid': 892} 
{'name': 'svchost.exe', 'username': None, 'pid': 904} 
{'name': 'RuntimeBroker.exe', 'username': 'DESKTOP-31LSV6D\\91779', 'pid': 996} 
{'name': 'services.exe', 'username': None, 'pid': 1008} 
{'name': 'RuntimeBroker.exe', 'username': 'DESKTOP-31LSV6D\\91779', 'pid': 1020} 
{'name': 'svchost.exe', 'username': None, 'pid': 1104} 
{'name': 'svchost.exe', 'username': None, 'pid': 1148} 
{'name': 'OneDrive.exe', 'username': 'DESKTOP-31LSV6D\\91779', 'pid': 1200} 
{'name': 'msedge.exe', 'username': 'DESKTOP-31LSV6D\\91779', 'pid': 1320} 
{'name': 'svchost.exe', 'username': None, 'pid': 1336} 
{'name': 'svchost.exe', 'username': None, 'pid': 1380} 
{'name': 'svchost.exe', 'username': None, 'pid': 1444} 
{'name': 'svchost.exe', 'username': None, 'pid': 1452} 
{'name': 'svchost.exe', 'username': None, 'pid': 1464} 
{'name': 'svchost.exe', 'username': None, 'pid': 1476} 
{'name': 'svchost.exe', 'username': None, 'pid': 1496} 
{'name': 'svchost.exe', 'username': None, 'pid': 1528} 
{'name': 'zWebview2Agent.exe', 'username': 'DESKTOP-31LSV6D\\91779', 'pid': 1552} 
{'name': 'svchost.exe', 'username': None, 'pid': 1580} 
{'name': 'svchost.exe', 'username': None, 'pid': 1684} 
{'name': 'svchost.exe', 'username': None, 'pid': 1700} 
{'name': 'IntelCpHDCPSvc.exe', 'username': None, 'pid': 1756} 
{'name': 'svchost.exe', 'username': None, 'pid': 1800} 
{'name': 'FileCoAuth.exe', 'username': 'DESKTOP-31LSV6D\\91779', 'pid': 1812} 
{'name': 'svchost.exe', 'username': None, 'pid': 1912} 
{'name': 'svchost.exe', 'username': None, 'pid': 1920} 
{'name': 'IntelCpHeciSvc.exe', 'username': None, 'pid': 2108} 
{'name': 'svchost.exe', 'username': None, 'pid': 2124} 
{'name': 'svchost.exe', 'username': None, 'pid': 2140} 
{'name': 'svchost.exe', 'username': None, 'pid': 2216} 
{'name': 'svchost.exe', 'username': None, 'pid': 2224} 
{'name': 'svchost.exe', 'username': None, 'pid': 2244} 
{'name': 'igfxCUIService.exe', 'username': None, 'pid': 2252} 
{'name': 'dllhost.exe', 'username': 'DESKTOP-31LSV6D\\91779', 'pid': 2284} 
{'name': 'HPSystemEventUtilityHost.exe', 'username': 'DESKTOP-31LSV6D\\91779', 'pid': 2436} 
{'name': 'SynTPEnhService.exe', 'username': None, 'pid': 2608} 
{'name': 'svchost.exe', 'username': None, 'pid': 2644} 
{'name': 'svchost.exe', 'username': 'DESKTOP-31LSV6D\\91779', 'pid': 2656} 
{'name': 'svchost.exe', 'username': None, 'pid': 2668} 
{'name': 'svchost.exe', 'username': None, 'pid': 2676} 
{'name': 'svchost.exe', 'username': None, 'pid': 2772} 
{'name': 'MemCompression', 'username': None, 'pid': 2792} 
{'name': 'svchost.exe', 'username': None, 'pid': 2808} 
{'name': 'AppHelperCap.exe', 'username': None, 'pid': 2840} 
{'name': 'DiagsCap.exe', 'username': None, 'pid': 2852} 
{'name': 'svchost.exe', 'username': None, 'pid': 2860} 
{'name': 'NetworkCap.exe', 'username': None, 'pid': 2876} 
{'name': 'TouchpointAnalyticsClientService.exe', 'username': None, 'pid': 2920} 
{'name': 'msedgewebview2.exe', 'username': 'DESKTOP-31LSV6D\\91779', 'pid': 2928} 
{'name': 'hp-one-agent-service.exe', 'username': None, 'pid': 2932} 
{'name': 'SysInfoCap.exe', 'username': None, 'pid': 2956} 
{'name': 'mcshield.exe', 'username': None, 'pid': 2964} 
{'name': 'svchost.exe', 'username': None, 'pid': 3028} 
{'name': 'svchost.exe', 'username': None, 'pid': 3188} 
{'name': 'WUDFHost.exe', 'username': None, 'pid': 3284} 
{'name': 'SystemSettings.exe', 'username': 'DESKTOP-31LSV6D\\91779', 'pid': 3380} 
{'name': 'WUDFHost.exe', 'username': None, 'pid': 3400} 
{'name': 'svchost.exe', 'username': None, 'pid': 3456} 
{'name': 'svchost.exe', 'username': 'DESKTOP-31LSV6D\\91779', 'pid': 3544} 
{'name': 'svchost.exe', 'username': None, 'pid': 3612} 
{'name': 'SECOMN64.exe', 'username': None, 'pid': 3652} 
{'name': 'dllhost.exe', 'username': 'DESKTOP-31LSV6D\\91779', 'pid': 3692} 
{'name': 'svchost.exe', 'username': None, 'pid': 3744} 
{'name': 'svchost.exe', 'username': None, 'pid': 3784} 
{'name': 'XboxPcAppFT.exe', 'username': 'DESKTOP-31LSV6D\\91779', 'pid': 3808} 
{'name': 'svchost.exe', 'username': None, 'pid': 3824} 
{'name': 'svchost.exe', 'username': 'DESKTOP-31LSV6D\\91779', 'pid': 3840} 
{'name': 'svchost.exe', 'username': None, 'pid': 3848} 
{'name': 'svchost.exe', 'username': None, 'pid': 3876} 
{'name': 'conhost.exe', 'username': 'DESKTOP-31LSV6D\\91779', 'pid': 3888} 
{'name': 'svchost.exe', 'username': None, 'pid': 3960} 
{'name': 'python.exe', 'username': 'DESKTOP-31LSV6D\\91779', 'pid': 3972} 
{'name': 'dasHost.exe', 'username': None, 'pid': 4012} 
{'name': 'svchost.exe', 'username': None, 'pid': 4020} 
{'name': 'HP.myHP.exe', 'username': 'DESKTOP-31LSV6D\\91779', 'pid': 4260} 
{'name': 'svchost.exe', 'username': None, 'pid': 4428} 
{'name': 'backgroundTaskHost.exe', 'username': 'DESKTOP-31LSV6D\\91779', 'pid': 4748} 
{'name': 'svchost.exe', 'username': None, 'pid': 4764} 
{'name': 'msedgewebview2.exe', 'username': 'DESKTOP-31LSV6D\\91779', 'pid': 4796} 
{'name': 'svchost.exe', 'username': None, 'pid': 4812} 
{'name': 'svchost.exe', 'username': None, 'pid': 4832} 
{'name': 'svchost.exe', 'username': None, 'pid': 4884} 
{'name': 'spoolsv.exe', 'username': None, 'pid': 4932} 
{'name': 'svchost.exe', 'username': None, 'pid': 4976} 
{'name': 'unsecapp.exe', 'username': None, 'pid': 5060} 
{'name': 'svchost.exe', 'username': None, 'pid': 5108} 
{'name': 'svchost.exe', 'username': None, 'pid': 5156} 
{'name': 'OfficeClickToRun.exe', 'username': None, 'pid': 5164} 
{'name': 'svchost.exe', 'username': None, 'pid': 5184} 
{'name': 'WmiPrvSE.exe', 'username': None, 'pid': 5208} 
{'name': 'esif_uf.exe', 'username': None, 'pid': 5224} 
{'name': 'nssm.exe', 'username': None, 'pid': 5260} 
{'name': 'svchost.exe', 'username': None, 'pid': 5324} 
{'name': 'HPPrintScanDoctorService.exe', 'username': None, 'pid': 5360} 
{'name': 'ibtsiva.exe', 'username': None, 'pid': 5368} 
{'name': 'OneApp.IGCC.WinService.exe', 'username': None, 'pid': 5388} 
{'name': 'IntelAudioService.exe', 'username': None, 'pid': 5468} 
{'name': 'svchost.exe', 'username': None, 'pid': 5512} 
{'name': 'svchost.exe', 'username': None, 'pid': 5668} 
{'name': 'LMS.exe', 'username': None, 'pid': 5780} 
{'name': 'MpDefenderCoreService.exe', 'username': None, 'pid': 5804} 
{'name': 'expressvpnd.exe', 'username': None, 'pid': 5816} 
{'name': 'mfemms.exe', 'username': None, 'pid': 5824} 
{'name': 'ModuleCoreService.exe', 'username': None, 'pid': 5912} 
{'name': 'svchost.exe', 'username': None, 'pid': 5928} 
{'name': 'svchost.exe', 'username': None, 'pid': 5952} 
{'name': 'conhost.exe', 'username': None, 'pid': 5972} 
{'name': 'mysqld.exe', 'username': None, 'pid': 5984} 
{'name': 'PEFService.exe', 'username': None, 'pid': 6024} 
{'name': 'svchost.exe', 'username': None, 'pid': 6048} 
{'name': 'RstMwService.exe', 'username': None, 'pid': 6056} 
{'name': 'dllhost.exe', 'username': 'DESKTOP-31LSV6D\\91779', 'pid': 6068} 
{'name': 'RtkAudUService64.exe', 'username': None, 'pid': 6128} 
{'name': 'svchost.exe', 'username': None, 'pid': 6140} 
{'name': 'svchost.exe', 'username': None, 'pid': 6184} 
{'name': 'MsMpEng.exe', 'username': None, 'pid': 6228} 
{'name': 'svchost.exe', 'username': None, 'pid': 6252} 
{'name': 'XtuService.exe', 'username': None, 'pid': 6272} 
{'name': 'jhi_service.exe', 'username': None, 'pid': 6596} 
{'name': 'wlanext.exe', 'username': None, 'pid': 6676} 
{'name': 'conhost.exe', 'username': None, 'pid': 6724} 
{'name': 'svchost.exe', 'username': None, 'pid': 7008} 
{'name': 'mysqld.exe', 'username': None, 'pid': 7096} 
{'name': 'conhost.exe', 'username': None, 'pid': 7156} 
{'name': 'Code.exe', 'username': 'DESKTOP-31LSV6D\\91779', 'pid': 7352} 
{'name': 'MMSSHOST.exe', 'username': None, 'pid': 7544} 
{'name': 'svchost.exe', 'username': None, 'pid': 7688} 
{'name': 'msedgewebview2.exe', 'username': 'DESKTOP-31LSV6D\\91779', 'pid': 7696} 
{'name': 'mfevtps.exe', 'username': None, 'pid': 7720} 
{'name': 'ProtectedModuleHost.exe', 'username': None, 'pid': 7812} 
{'name': 'svchost.exe', 'username': None, 'pid': 8008} 
{'name': 'svchost.exe', 'username': 'DESKTOP-31LSV6D\\91779', 'pid': 8312} 
{'name': 'AggregatorHost.exe', 'username': None, 'pid': 8328} 
{'name': 'EzTiltPenAgent.exe', 'username': 'DESKTOP-31LSV6D\\91779', 'pid': 8356} 
{'name': 'svchost.exe', 'username': None, 'pid': 8476} 
{'name': 'Widgets.exe', 'username': 'DESKTOP-31LSV6D\\91779', 'pid': 8560} 
{'name': 'McVulCtr.exe', 'username': None, 'pid': 8672} 
{'name': 'svchost.exe', 'username': None, 'pid': 8716} 
{'name': 'Code.exe', 'username': 'DESKTOP-31LSV6D\\91779', 'pid': 8752} 
{'name': 'svchost.exe', 'username': None, 'pid': 8928} 
{'name': 'svchost.exe', 'username': None, 'pid': 8932} 
{'name': 'ModuleCoreService.exe', 'username': None, 'pid': 9112} 
{'name': 'conhost.exe', 'username': None, 'pid': 9128} 
{'name': 'svchost.exe', 'username': None, 'pid': 9136} 
{'name': 'ApplicationFrameHost.exe', 'username': 'DESKTOP-31LSV6D\\91779', 'pid': 9196} 
{'name': 'chrome.exe', 'username': 'DESKTOP-31LSV6D\\91779', 'pid': 9252} 
{'name': 'svchost.exe', 'username': None, 'pid': 9332} 
{'name': 'SocketHeciServer.exe', 'username': None, 'pid': 9360} 
{'name': 'svchost.exe', 'username': None, 'pid': 9608} 
{'name': 'WmiPrvSE.exe', 'username': None, 'pid': 9628} 
{'name': 'SystemSettingsBroker.exe', 'username': 'DESKTOP-31LSV6D\\91779', 'pid': 9720} 
{'name': 'chrome.exe', 'username': 'DESKTOP-31LSV6D\\91779', 'pid': 9756} 
{'name': 'SearchIndexer.exe', 'username': None, 'pid': 9832} 
{'name': 'RuntimeBroker.exe', 'username': 'DESKTOP-31LSV6D\\91779', 'pid': 9900} 
{'name': 'ShellExperienceHost.exe', 'username': 'DESKTOP-31LSV6D\\91779', 'pid': 9904} 
{'name': 'McUICnt.exe', 'username': 'DESKTOP-31LSV6D\\91779', 'pid': 9940} 
{'name': 'svchost.exe', 'username': None, 'pid': 10028} 
{'name': 'mcafee-security.exe', 'username': 'DESKTOP-31LSV6D\\91779', 'pid': 10040} 
{'name': 'svchost.exe', 'username': None, 'pid': 10132} 
{'name': 'RuntimeBroker.exe', 'username': 'DESKTOP-31LSV6D\\91779', 'pid': 10224} 
{'name': 'BridgeCommunication.exe', 'username': 'DESKTOP-31LSV6D\\91779', 'pid': 10276} 
{'name': 'cmd.exe', 'username': 'DESKTOP-31LSV6D\\91779', 'pid': 10304} 
{'name': 'svchost.exe', 'username': 'DESKTOP-31LSV6D\\91779', 'pid': 10744} 
{'name': 'McCSPServiceHost.exe', 'username': None, 'pid': 10804} 
{'name': 'mcafee-security-ft.exe', 'username': 'DESKTOP-31LSV6D\\91779', 'pid': 10812} 
{'name': 'msedge.exe', 'username': 'DESKTOP-31LSV6D\\91779', 'pid': 11092} 
{'name': 'svchost.exe', 'username': None, 'pid': 11320} 
{'name': 'RuntimeBroker.exe', 'username': 'DESKTOP-31LSV6D\\91779', 'pid': 11396} 
{'name': 'dllhost.exe', 'username': 'DESKTOP-31LSV6D\\91779', 'pid': 11716} 
{'name': 'TextInputHost.exe', 'username': 'DESKTOP-31LSV6D\\91779', 'pid': 11760} 
{'name': 'sihost.exe', 'username': 'DESKTOP-31LSV6D\\91779', 'pid': 11840} 
{'name': 'servicehost.exe', 'username': None, 'pid': 12352} 
{'name': 'mcapexe.exe', 'username': None, 'pid': 12376} 
{'name': 'chrome.exe', 'username': 'DESKTOP-31LSV6D\\91779', 'pid': 12480} 
{'name': 'dllhost.exe', 'username': 'DESKTOP-31LSV6D\\91779', 'pid': 12816} 
{'name': 'msedge.exe', 'username': 'DESKTOP-31LSV6D\\91779', 'pid': 13264} 
{'name': 'svchost.exe', 'username': None, 'pid': 13556} 
{'name': 'svchost.exe', 'username': None, 'pid': 13640} 
{'name': 'fontdrvhost.exe', 'username': None, 'pid': 13968} 
{'name': 'NisSrv.exe', 'username': None, 'pid': 13976} 
{'name': 'DesktopExtension.exe', 'username': 'DESKTOP-31LSV6D\\91779', 'pid': 13992} 
{'name': 'HPCommRecovery.exe', 'username': None, 'pid': 14064} 
{'name': 'SynTPEnh.exe', 'username': 'DESKTOP-31LSV6D\\91779', 'pid': 14140} 
{'name': 'svchost.exe', 'username': 'DESKTOP-31LSV6D\\91779', 'pid': 14272} 
{'name': 'QcShm.exe', 'username': None, 'pid': 14360} 
{'name': 'chrome.exe', 'username': 'DESKTOP-31LSV6D\\91779', 'pid': 14436} 
{'name': 'MfeBrowserHost.exe', 'username': 'DESKTOP-31LSV6D\\91779', 'pid': 14816} 
{'name': 'SecurityHealthService.exe', 'username': None, 'pid': 14860} 
{'name': 'svchost.exe', 'username': 'DESKTOP-31LSV6D\\91779', 'pid': 15116} 
{'name': 'TabTip.exe', 'username': 'DESKTOP-31LSV6D\\91779', 'pid': 15404} 
{'name': 'explorer.exe', 'username': 'DESKTOP-31LSV6D\\91779', 'pid': 15460} 
{'name': 'msteams.exe', 'username': 'DESKTOP-31LSV6D\\91779', 'pid': 15628} 
{'name': 'ModuleCoreService.exe', 'username': 'DESKTOP-31LSV6D\\91779', 'pid': 15652} 
{'name': 'HPAudioSwitch.exe', 'username': 'DESKTOP-31LSV6D\\91779', 'pid': 15712} 
{'name': 'RuntimeBroker.exe', 'username': 'DESKTOP-31LSV6D\\91779', 'pid': 15848} 
{'name': 'SecurityHealthSystray.exe', 'username': 'DESKTOP-31LSV6D\\91779', 'pid': 16056} 
{'name': 'svchost.exe', 'username': None, 'pid': 16132} 
{'name': 'Zoom.exe', 'username': 'DESKTOP-31LSV6D\\91779', 'pid': 16216} 
{'name': 'msedgewebview2.exe', 'username': 'DESKTOP-31LSV6D\\91779', 'pid': 16380} 
{'name': 'Code.exe', 'username': 'DESKTOP-31LSV6D\\91779', 'pid': 16412} 
{'name': 'msedgewebview2.exe', 'username': 'DESKTOP-31LSV6D\\91779', 'pid': 16436} 
{'name': 'msedgewebview2.exe', 'username': 'DESKTOP-31LSV6D\\91779', 'pid': 16444} 
{'name': 'cmd.exe', 'username': 'DESKTOP-31LSV6D\\91779', 'pid': 16652} 
{'name': 'RuntimeBroker.exe', 'username': 'DESKTOP-31LSV6D\\91779', 'pid': 16768} 
{'name': 'msedgewebview2.exe', 'username': 'DESKTOP-31LSV6D\\91779', 'pid': 16804} 
{'name': 'backgroundTaskHost.exe', 'username': 'DESKTOP-31LSV6D\\91779', 'pid': 17068} 
{'name': 'msedgewebview2.exe', 'username': 'DESKTOP-31LSV6D\\91779', 'pid': 17156} 
{'name': 'uihost.exe', 'username': 'DESKTOP-31LSV6D\\91779', 'pid': 17200} 
{'name': 'dwm.exe', 'username': None, 'pid': 17288} 
{'name': 'winlogon.exe', 'username': None, 'pid': 17440} 
{'name': 'backgroundTaskHost.exe', 'username': 'DESKTOP-31LSV6D\\91779', 'pid': 17516} 
{'name': 'RuntimeBroker.exe', 'username': 'DESKTOP-31LSV6D\\91779', 'pid': 17540} 
{'name': 'msedge.exe', 'username': 'DESKTOP-31LSV6D\\91779', 'pid': 17568} 
{'name': 'csrss.exe', 'username': None, 'pid': 17644} 
{'name': 'svchost.exe', 'username': None, 'pid': 17660} 
{'name': 'XboxGameBarWidgets.exe', 'username': 'DESKTOP-31LSV6D\\91779', 'pid': 17708} 
{'name': 'svchost.exe', 'username': None, 'pid': 17744} 
{'name': 'ctfmon.exe', 'username': 'DESKTOP-31LSV6D\\91779', 'pid': 18016} 
{'name': 'ExpressVPNNotificationService.exe', 'username': 'DESKTOP-31LSV6D\\91779', 'pid': 18020} 
{'name': 'conhost.exe', 'username': 'DESKTOP-31LSV6D\\91779', 'pid': 18024} 
{'name': 'svchost.exe', 'username': None, 'pid': 18108} 
{'name': 'svchost.exe', 'username': None, 'pid': 18396} 
{'name': 'RuntimeBroker.exe', 'username': 'DESKTOP-31LSV6D\\91779', 'pid': 18444} 
{'name': 'StartMenuExperienceHost.exe', 'username': 'DESKTOP-31LSV6D\\91779', 'pid': 18452} 
{'name': 'cmd.exe', 'username': 'DESKTOP-31LSV6D\\91779', 'pid': 18520} 
{'name': 'MfeAVSvc.exe', 'username': None, 'pid': 18528} 
{'name': 'aesm_service.exe', 'username': None, 'pid': 18536} 
{'name': 'svchost.exe', 'username': None, 'pid': 18680} 
{'name': 'cmd.exe', 'username': 'DESKTOP-31LSV6D\\91779', 'pid': 18780} 
{'name': 'dasHost.exe', 'username': None, 'pid': 18896} 
{'name': 'chrome.exe', 'username': 'DESKTOP-31LSV6D\\91779', 'pid': 18968} 
{'name': 'UserOOBEBroker.exe', 'username': 'DESKTOP-31LSV6D\\91779', 'pid': 19156} 
{'name': 'SearchHost.exe', 'username': 'DESKTOP-31LSV6D\\91779', 'pid': 19208} 
{'name': 'svchost.exe', 'username': None, 'pid': 19212} 
{'name': 'msedgewebview2.exe', 'username': 'DESKTOP-31LSV6D\\91779', 'pid': 19244} 
{'name': 'RuntimeBroker.exe', 'username': 'DESKTOP-31LSV6D\\91779', 'pid': 19560} 
{'name': 'svchost.exe', 'username': None, 'pid': 19592} 
{'name': 'svchost.exe', 'username': 'DESKTOP-31LSV6D\\91779', 'pid': 19752} 
{'name': 'Zoom.exe', 'username': 'DESKTOP-31LSV6D\\91779', 'pid': 19952} 
{'name': 'conhost.exe', 'username': 'DESKTOP-31LSV6D\\91779', 'pid': 20344} 
{'name': 'HPSystemEventUtilityBackground.exe', 'username': 'DESKTOP-31LSV6D\\91779', 'pid': 20360} 
{'name': 'msedgewebview2.exe', 'username': 'DESKTOP-31LSV6D\\91779', 'pid': 20384} 
{'name': 'msedge.exe', 'username': 'DESKTOP-31LSV6D\\91779', 'pid': 21160} 
{'name': 'svchost.exe', 'username': 'DESKTOP-31LSV6D\\91779', 'pid': 21484} 
{'name': 'RuntimeBroker.exe', 'username': 'DESKTOP-31LSV6D\\91779', 'pid': 21736} 
{'name': 'igfxEM.exe', 'username': 'DESKTOP-31LSV6D\\91779', 'pid': 21756} 
{'name': 'RtkAudUService64.exe', 'username': 'DESKTOP-31LSV6D\\91779', 'pid': 21860} 
{'name': 'WidgetService.exe', 'username': 'DESKTOP-31LSV6D\\91779', 'pid': 22124} 
{'name': 'PhoneExperienceHost.exe', 'username': 'DESKTOP-31LSV6D\\91779', 'pid': 22344} 
{'name': 'Code.exe', 'username': 'DESKTOP-31LSV6D\\91779', 'pid': 22408} 
{'name': 'chrome.exe', 'username': 'DESKTOP-31LSV6D\\91779', 'pid': 22520} 
{'name': 'msedge.exe', 'username': 'DESKTOP-31LSV6D\\91779', 'pid': 22660} 
{'name': 'taskhostw.exe', 'username': 'DESKTOP-31LSV6D\\91779', 'pid': 22880} 
{'name': 'msedgewebview2.exe', 'username': 'DESKTOP-31LSV6D\\91779', 'pid': 23060} 
{'name': 'SDXHelper.exe', 'username': 'DESKTOP-31LSV6D\\91779', 'pid': 23212} 
{'name': 'msedgewebview2.exe', 'username': 'DESKTOP-31LSV6D\\91779', 'pid': 23292} 
{'name': 'svchost.exe', 'username': 'DESKTOP-31LSV6D\\91779', 'pid': 23344} 
{'name': 'chrome.exe', 'username': 'DESKTOP-31LSV6D\\91779', 'pid': 23668} 
{'name': 'msedgewebview2.exe', 'username': 'DESKTOP-31LSV6D\\91779', 'pid': 23784} 
{'name': 'chrome.exe', 'username': 'DESKTOP-31LSV6D\\91779', 'pid': 23796} 
{'name': 'audiodg.exe', 'username': None, 'pid': 23808} 
{'name': 'msedge.exe', 'username': 'DESKTOP-31LSV6D\\91779', 'pid': 24008} 
{'name': 'msedgewebview2.exe', 'username': 'DESKTOP-31LSV6D\\91779', 'pid': 24088} 
{'name': 'msedgewebview2.exe', 'username': 'DESKTOP-31LSV6D\\91779', 'pid': 24092} 
{'name': 'svchost.exe', 'username': None, 'pid': 24136} 
{'name': 'msedgewebview2.exe', 'username': 'DESKTOP-31LSV6D\\91779', 'pid': 24160} 
{'name': 'chrome.exe', 'username': 'DESKTOP-31LSV6D\\91779', 'pid': 24164} 
{'name': 'chrome.exe', 'username': 'DESKTOP-31LSV6D\\91779', 'pid': 24212} 
{'name': 'OpenConsole.exe', 'username': 'DESKTOP-31LSV6D\\91779', 'pid': 24264} 
{'name': 'chrome.exe', 'username': 'DESKTOP-31LSV6D\\91779', 'pid': 24276} 
{'name': 'LockApp.exe', 'username': 'DESKTOP-31LSV6D\\91779', 'pid': 24380} 
{'name': 'cmd.exe', 'username': 'DESKTOP-31LSV6D\\91779', 'pid': 24524} 
{'name': 'RuntimeBroker.exe', 'username': 'DESKTOP-31LSV6D\\91779', 'pid': 24572} 
{'name': 'msedge.exe', 'username': 'DESKTOP-31LSV6D\\91779', 'pid': 25532} 
{'name': 'msedge.exe', 'username': 'DESKTOP-31LSV6D\\91779', 'pid': 26084} 
{'name': 'chrome.exe', 'username': 'DESKTOP-31LSV6D\\91779', 'pid': 26096} 
{'name': 'Video.UI.exe', 'username': 'DESKTOP-31LSV6D\\91779', 'pid': 26116} 
{'name': 'conhost.exe', 'username': 'DESKTOP-31LSV6D\\91779', 'pid': 26208} 
{'name': 'msedgewebview2.exe', 'username': 'DESKTOP-31LSV6D\\91779', 'pid': 26472} 
{'name': 'browserhost.exe', 'username': 'DESKTOP-31LSV6D\\91779', 'pid': 26564} 
{'name': 'Code.exe', 'username': 'DESKTOP-31LSV6D\\91779', 'pid': 27176} 
{'name': 'Code.exe', 'username': 'DESKTOP-31LSV6D\\91779', 'pid': 27188} 
{'name': 'backgroundTaskHost.exe', 'username': 'DESKTOP-31LSV6D\\91779', 'pid': 27300} 
{'name': 'Windows.Media.BackgroundPlayback.exe', 'username': 'DESKTOP-31LSV6D\\91779', 'pid': 27372} 
{'name': 'chrome.exe', 'username': 'DESKTOP-31LSV6D\\91779', 'pid': 27768} 
{'name': 'Code.exe', 'username': 'DESKTOP-31LSV6D\\91779', 'pid': 27860} 
{'name': 'CptHost.exe', 'username': 'DESKTOP-31LSV6D\\91779', 'pid': 27896} 
{'name': 'SystemSettingsAdminFlows.exe', 'username': 'DESKTOP-31LSV6D\\91779', 'pid': 27972} 
{'name': 'msedge.exe', 'username': 'DESKTOP-31LSV6D\\91779', 'pid': 28000} 
{'name': 'MfeBrowserHost.exe', 'username': 'DESKTOP-31LSV6D\\91779', 'pid': 28012} 
{'name': 'WindowsTerminal.exe', 'username': 'DESKTOP-31LSV6D\\91779', 'pid': 28044} 
{'name': 'chrome.exe', 'username': 'DESKTOP-31LSV6D\\91779', 'pid': 28052} 
{'name': 'RuntimeBroker.exe', 'username': 'DESKTOP-31LSV6D\\91779', 'pid': 28112} 
{'name': 'svchost.exe', 'username': None, 'pid': 28740} 
{'name': 'Code.exe', 'username': 'DESKTOP-31LSV6D\\91779', 'pid': 28896} 
{'name': 'backgroundTaskHost.exe', 'username': 'DESKTOP-31LSV6D\\91779', 'pid': 28908} 
{'name': 'msedge.exe', 'username': 'DESKTOP-31LSV6D\\91779', 'pid': 29168} 
{'name': 'conhost.exe', 'username': 'DESKTOP-31LSV6D\\91779', 'pid': 29340} 
{'name': 'browserhost.exe', 'username': 'DESKTOP-31LSV6D\\91779', 'pid': 29648} 
----------------------------------------------------------------------
